#################################
########  Folder 0  ############
device:  cuda:0
Namespace(batchsize=32, beta1=0.5, dataroot='../../../dataset', dataset='ecg', device='gpu', folder=0, gpu_ids=[0], isize=128, istest=True, lr=0.0001, model='beatgan', n_aug=0, name='beatgan/ecg', nc=1, ndf=32, ndfs=32, ngf=32, ngfs=32, ngpu=1, niter=100, nz=50, outf='./output', print_freq=100, threshold=0.169, w_adv=1, workers=1)

############ signal dataset ############
train_s data size:(62436, 1, 320)
val_s data size:(8025, 1, 320)
test_s N data size:(17343, 1, 320)
test_s S data size:(2723, 1, 320)
test_s V data size:(6307, 1, 320)
test_s F data size:(721, 1, 320)
test_s Q data size:(13, 1, 320)

############ frequency dataset ############
train_f data size:(62436, 1, 128, 128)
val_f data size:(8025, 1, 128, 128)
test_f N data size:(17343, 1, 128, 128)
test_f S data size:(2723, 1, 128, 128)
test_f V data size:(6307, 1, 128, 128)
test_f F data size:(721, 1, 128, 128)
test_f Q data size:(13, 1, 128, 128)
load data success!!!
/data/haenim/lab/multi_ndf/experiments/ecg/network.py:25: UserWarning: nn.init.xavier_uniform is now deprecated in favor of nn.init.xavier_uniform_.
  torch.nn.init.xavier_uniform(mod.weight)

model_device: cuda:0 

################  Eval  ##################
############   Analysis   #############
############   Threshold:0.169   #############
*********  Type:S  *************
TP:218
FP:60
TN:17283
FN:2505
Accuracy:0.8721718329512609
Precision/ppv:0.7841726618705036
sensitivity/Recall:0.0800587587219978
specificity:0.9965403909358242
F1:0.14528490503165611
*********  Type:V  *************
TP:2450
FP:60
TN:17283
FN:3857
Accuracy:0.8343763213530655
Precision/ppv:0.9760956175298805
sensitivity/Recall:0.38845726970033295
specificity:0.9965403909358242
F1:0.5557445843257344
*********  Type:F  *************
TP:14
FP:60
TN:17283
FN:707
Accuracy:0.9575398582816652
Precision/ppv:0.1891891891891892
sensitivity/Recall:0.019417475728155338
specificity:0.9965403909358242
F1:0.03522012578616352
*********  Type:Q  *************
TP:7
FP:60
TN:17283
FN:6
Accuracy:0.9961972804793732
Precision/ppv:0.1044776119402985
sensitivity/Recall:0.5384615384615384
specificity:0.9965403909358242
F1:0.175
/data/haenim/lab/multi_ndf/experiments/ecg/plotUtil.py:196: RuntimeWarning: More than 20 figures have been opened. Figures created through the pyplot interface (`matplotlib.pyplot.figure`) are retained until explicitly closed and may consume too much memory. (To control this warning, see the rcParam `figure.max_open_warning`).
  fig, ax = plt.subplots(2, 1, sharex=True,figsize=(6, 6),gridspec_kw = {'height_ratios':[6,1]})
/data/haenim/lab/multi_ndf/experiments/ecg/plotUtil.py:196: RuntimeWarning: More than 20 figures have been opened. Figures created through the pyplot interface (`matplotlib.pyplot.figure`) are retained until explicitly closed and may consume too much memory. (To control this warning, see the rcParam `figure.max_open_warning`).
  fig, ax = plt.subplots(2, 1, sharex=True,figsize=(6, 6),gridspec_kw = {'height_ratios':[6,1]})
/data/haenim/lab/multi_ndf/experiments/ecg/plotUtil.py:196: RuntimeWarning: More than 20 figures have been opened. Figures created through the pyplot interface (`matplotlib.pyplot.figure`) are retained until explicitly closed and may consume too much memory. (To control this warning, see the rcParam `figure.max_open_warning`).
  fig, ax = plt.subplots(2, 1, sharex=True,figsize=(6, 6),gridspec_kw = {'height_ratios':[6,1]})
/data/haenim/lab/multi_ndf/experiments/ecg/plotUtil.py:196: RuntimeWarning: More than 20 figures have been opened. Figures created through the pyplot interface (`matplotlib.pyplot.figure`) are retained until explicitly closed and may consume too much memory. (To control this warning, see the rcParam `figure.max_open_warning`).
  fig, ax = plt.subplots(2, 1, sharex=True,figsize=(6, 6),gridspec_kw = {'height_ratios':[6,1]})
/data/haenim/lab/multi_ndf/experiments/ecg/plotUtil.py:196: RuntimeWarning: More than 20 figures have been opened. Figures created through the pyplot interface (`matplotlib.pyplot.figure`) are retained until explicitly closed and may consume too much memory. (To control this warning, see the rcParam `figure.max_open_warning`).
  fig, ax = plt.subplots(2, 1, sharex=True,figsize=(6, 6),gridspec_kw = {'height_ratios':[6,1]})
/data/haenim/lab/multi_ndf/experiments/ecg/plotUtil.py:196: RuntimeWarning: More than 20 figures have been opened. Figures created through the pyplot interface (`matplotlib.pyplot.figure`) are retained until explicitly closed and may consume too much memory. (To control this warning, see the rcParam `figure.max_open_warning`).
  fig, ax = plt.subplots(2, 1, sharex=True,figsize=(6, 6),gridspec_kw = {'height_ratios':[6,1]})
/data/haenim/lab/multi_ndf/experiments/ecg/plotUtil.py:196: RuntimeWarning: More than 20 figures have been opened. Figures created through the pyplot interface (`matplotlib.pyplot.figure`) are retained until explicitly closed and may consume too much memory. (To control this warning, see the rcParam `figure.max_open_warning`).
  fig, ax = plt.subplots(2, 1, sharex=True,figsize=(6, 6),gridspec_kw = {'height_ratios':[6,1]})
/data/haenim/lab/multi_ndf/experiments/ecg/plotUtil.py:196: RuntimeWarning: More than 20 figures have been opened. Figures created through the pyplot interface (`matplotlib.pyplot.figure`) are retained until explicitly closed and may consume too much memory. (To control this warning, see the rcParam `figure.max_open_warning`).
  fig, ax = plt.subplots(2, 1, sharex=True,figsize=(6, 6),gridspec_kw = {'height_ratios':[6,1]})
/data/haenim/lab/multi_ndf/experiments/ecg/plotUtil.py:196: RuntimeWarning: More than 20 figures have been opened. Figures created through the pyplot interface (`matplotlib.pyplot.figure`) are retained until explicitly closed and may consume too much memory. (To control this warning, see the rcParam `figure.max_open_warning`).
  fig, ax = plt.subplots(2, 1, sharex=True,figsize=(6, 6),gridspec_kw = {'height_ratios':[6,1]})
/data/haenim/lab/multi_ndf/experiments/ecg/plotUtil.py:196: RuntimeWarning: More than 20 figures have been opened. Figures created through the pyplot interface (`matplotlib.pyplot.figure`) are retained until explicitly closed and may consume too much memory. (To control this warning, see the rcParam `figure.max_open_warning`).
  fig, ax = plt.subplots(2, 1, sharex=True,figsize=(6, 6),gridspec_kw = {'height_ratios':[6,1]})
/data/haenim/lab/multi_ndf/experiments/ecg/plotUtil.py:196: RuntimeWarning: More than 20 figures have been opened. Figures created through the pyplot interface (`matplotlib.pyplot.figure`) are retained until explicitly closed and may consume too much memory. (To control this warning, see the rcParam `figure.max_open_warning`).
  fig, ax = plt.subplots(2, 1, sharex=True,figsize=(6, 6),gridspec_kw = {'height_ratios':[6,1]})
/data/haenim/lab/multi_ndf/experiments/ecg/plotUtil.py:196: RuntimeWarning: More than 20 figures have been opened. Figures created through the pyplot interface (`matplotlib.pyplot.figure`) are retained until explicitly closed and may consume too much memory. (To control this warning, see the rcParam `figure.max_open_warning`).
  fig, ax = plt.subplots(2, 1, sharex=True,figsize=(6, 6),gridspec_kw = {'height_ratios':[6,1]})
#############################
########  Result  ###########
ap:0.8726699482447695
auc:0.9169365928255324
best th:0.00783393532037735 --> best f1:0.7704417517412461
