#################################
########  Folder 0  ############
device:  cuda:0
Namespace(batchsize=32, beta1=0.5, dataroot='../../../dataset', dataset='ecg', device='gpu', folder=0, gpu_ids=[0], isize=128, istest=True, lr=0.0001, model='beatgan', n_aug=0, name='beatgan/ecg', nc=1, ndf=54, ndfs=32, ngf=64, ngfs=32, ngpu=1, niter=100, nz=50, outf='./output', print_freq=100, threshold=0.169, w_adv=1, workers=1)

############ signal dataset ############
train_s data size:(62436, 1, 320)
val_s data size:(8025, 1, 320)
test_s N data size:(17343, 1, 320)
test_s S data size:(2723, 1, 320)
test_s V data size:(6307, 1, 320)
test_s F data size:(721, 1, 320)
test_s Q data size:(13, 1, 320)

############ frequency dataset ############
train_f data size:(62436, 1, 128, 128)
val_f data size:(8025, 1, 128, 128)
test_f N data size:(17343, 1, 128, 128)
test_f S data size:(2723, 1, 128, 128)
test_f V data size:(6307, 1, 128, 128)
test_f F data size:(721, 1, 128, 128)
test_f Q data size:(13, 1, 128, 128)
load data success!!!
/data/haenim/lab/multi_tuning_sf/experiments/ecg/network.py:25: UserWarning: nn.init.xavier_uniform is now deprecated in favor of nn.init.xavier_uniform_.
  torch.nn.init.xavier_uniform(mod.weight)

model_device: cuda:0 

################  Eval  ##################
############   Analysis   #############
############   Threshold:0.169   #############
*********  Type:S  *************
TP:132
FP:22
TN:17321
FN:2591
Accuracy:0.869779726901226
Precision/ppv:0.8571428571428571
sensitivity/Recall:0.04847594564818215
specificity:0.9987314766764689
F1:0.09176225234619395
*********  Type:V  *************
TP:2071
FP:22
TN:17321
FN:4236
Accuracy:0.8199577167019028
Precision/ppv:0.9894887720974678
sensitivity/Recall:0.32836530838750594
specificity:0.9987314766764689
F1:0.4930952380952381
*********  Type:F  *************
TP:10
FP:22
TN:17321
FN:711
Accuracy:0.9594220549158547
Precision/ppv:0.3125
sensitivity/Recall:0.013869625520110958
specificity:0.9987314766764689
F1:0.02656042496679947
*********  Type:Q  *************
TP:5
FP:22
TN:17321
FN:8
Accuracy:0.9982714911269878
Precision/ppv:0.18518518518518517
sensitivity/Recall:0.38461538461538464
specificity:0.9987314766764689
F1:0.25
/data/haenim/lab/multi_tuning_sf/experiments/ecg/plotUtil.py:196: RuntimeWarning: More than 20 figures have been opened. Figures created through the pyplot interface (`matplotlib.pyplot.figure`) are retained until explicitly closed and may consume too much memory. (To control this warning, see the rcParam `figure.max_open_warning`).
  fig, ax = plt.subplots(2, 1, sharex=True,figsize=(6, 6),gridspec_kw = {'height_ratios':[6,1]})
/data/haenim/lab/multi_tuning_sf/experiments/ecg/plotUtil.py:196: RuntimeWarning: More than 20 figures have been opened. Figures created through the pyplot interface (`matplotlib.pyplot.figure`) are retained until explicitly closed and may consume too much memory. (To control this warning, see the rcParam `figure.max_open_warning`).
  fig, ax = plt.subplots(2, 1, sharex=True,figsize=(6, 6),gridspec_kw = {'height_ratios':[6,1]})
/data/haenim/lab/multi_tuning_sf/experiments/ecg/plotUtil.py:196: RuntimeWarning: More than 20 figures have been opened. Figures created through the pyplot interface (`matplotlib.pyplot.figure`) are retained until explicitly closed and may consume too much memory. (To control this warning, see the rcParam `figure.max_open_warning`).
  fig, ax = plt.subplots(2, 1, sharex=True,figsize=(6, 6),gridspec_kw = {'height_ratios':[6,1]})
/data/haenim/lab/multi_tuning_sf/experiments/ecg/plotUtil.py:196: RuntimeWarning: More than 20 figures have been opened. Figures created through the pyplot interface (`matplotlib.pyplot.figure`) are retained until explicitly closed and may consume too much memory. (To control this warning, see the rcParam `figure.max_open_warning`).
  fig, ax = plt.subplots(2, 1, sharex=True,figsize=(6, 6),gridspec_kw = {'height_ratios':[6,1]})
/data/haenim/lab/multi_tuning_sf/experiments/ecg/plotUtil.py:196: RuntimeWarning: More than 20 figures have been opened. Figures created through the pyplot interface (`matplotlib.pyplot.figure`) are retained until explicitly closed and may consume too much memory. (To control this warning, see the rcParam `figure.max_open_warning`).
  fig, ax = plt.subplots(2, 1, sharex=True,figsize=(6, 6),gridspec_kw = {'height_ratios':[6,1]})
/data/haenim/lab/multi_tuning_sf/experiments/ecg/plotUtil.py:196: RuntimeWarning: More than 20 figures have been opened. Figures created through the pyplot interface (`matplotlib.pyplot.figure`) are retained until explicitly closed and may consume too much memory. (To control this warning, see the rcParam `figure.max_open_warning`).
  fig, ax = plt.subplots(2, 1, sharex=True,figsize=(6, 6),gridspec_kw = {'height_ratios':[6,1]})
/data/haenim/lab/multi_tuning_sf/experiments/ecg/plotUtil.py:196: RuntimeWarning: More than 20 figures have been opened. Figures created through the pyplot interface (`matplotlib.pyplot.figure`) are retained until explicitly closed and may consume too much memory. (To control this warning, see the rcParam `figure.max_open_warning`).
  fig, ax = plt.subplots(2, 1, sharex=True,figsize=(6, 6),gridspec_kw = {'height_ratios':[6,1]})
/data/haenim/lab/multi_tuning_sf/experiments/ecg/plotUtil.py:196: RuntimeWarning: More than 20 figures have been opened. Figures created through the pyplot interface (`matplotlib.pyplot.figure`) are retained until explicitly closed and may consume too much memory. (To control this warning, see the rcParam `figure.max_open_warning`).
  fig, ax = plt.subplots(2, 1, sharex=True,figsize=(6, 6),gridspec_kw = {'height_ratios':[6,1]})
/data/haenim/lab/multi_tuning_sf/experiments/ecg/plotUtil.py:196: RuntimeWarning: More than 20 figures have been opened. Figures created through the pyplot interface (`matplotlib.pyplot.figure`) are retained until explicitly closed and may consume too much memory. (To control this warning, see the rcParam `figure.max_open_warning`).
  fig, ax = plt.subplots(2, 1, sharex=True,figsize=(6, 6),gridspec_kw = {'height_ratios':[6,1]})
/data/haenim/lab/multi_tuning_sf/experiments/ecg/plotUtil.py:196: RuntimeWarning: More than 20 figures have been opened. Figures created through the pyplot interface (`matplotlib.pyplot.figure`) are retained until explicitly closed and may consume too much memory. (To control this warning, see the rcParam `figure.max_open_warning`).
  fig, ax = plt.subplots(2, 1, sharex=True,figsize=(6, 6),gridspec_kw = {'height_ratios':[6,1]})
#############################
########  Result  ###########
ap:0.8831232257566455
auc:0.9222294598585546
best th:0.0045301420614123344 --> best f1:0.7796397526660096
