#################################
########  Folder 0  ############
Namespace(batchsize=64, beta1=0.5, dataroot='../../../dataset', dataset='ecg', device='gpu', folder=0, gpu_ids='1', isize=320, istest=False, lr=0.0001, model='beatgan', n_aug=0, name='beatgan/ecg', nc=1, ndf=32, ngf=32, ngpu=1, niter=100, nz=50, outf='./output', print_freq=100, threshold=0.05, w_adv=1, workers=1)
train data size:(62436, 1, 320)
val data size:(8025, 1, 320)
test N data size:(17343, 1, 320)
test S data size:(2723, 1, 320)
test V data size:(6307, 1, 320)
test F data size:(721, 1, 320)
test Q data size:(13, 1, 320)
load data success!!!
/data/haenim/lab/signal/experiments/ecg/network.py:26: UserWarning: nn.init.xavier_uniform is now deprecated in favor of nn.init.xavier_uniform_.
  torch.nn.init.xavier_uniform(mod.weight)
Generator(
  (encoder1): Encoder(
    (main): Sequential(
      (0): Conv1d(1, 32, kernel_size=(4,), stride=(2,), padding=(1,), bias=False)
      (1): LeakyReLU(negative_slope=0.2, inplace=True)
      (2): Conv1d(32, 64, kernel_size=(4,), stride=(2,), padding=(1,), bias=False)
      (3): BatchNorm1d(64, eps=1e-05, momentum=0.1, affine=True, track_running_stats=True)
      (4): LeakyReLU(negative_slope=0.2, inplace=True)
      (5): Conv1d(64, 128, kernel_size=(4,), stride=(2,), padding=(1,), bias=False)
      (6): BatchNorm1d(128, eps=1e-05, momentum=0.1, affine=True, track_running_stats=True)
      (7): LeakyReLU(negative_slope=0.2, inplace=True)
      (8): Conv1d(128, 256, kernel_size=(4,), stride=(2,), padding=(1,), bias=False)
      (9): BatchNorm1d(256, eps=1e-05, momentum=0.1, affine=True, track_running_stats=True)
      (10): LeakyReLU(negative_slope=0.2, inplace=True)
      (11): Conv1d(256, 512, kernel_size=(4,), stride=(2,), padding=(1,), bias=False)
      (12): BatchNorm1d(512, eps=1e-05, momentum=0.1, affine=True, track_running_stats=True)
      (13): LeakyReLU(negative_slope=0.2, inplace=True)
      (14): Conv1d(512, 50, kernel_size=(10,), stride=(1,), bias=False)
    )
  )
  (tf): Generator_Transformer(
    (linear1): Linear(in_features=1, out_features=128, bias=True)
    (transformer_encoder): TransformerEncoder(
      (layers): ModuleList(
        (0): TransformerEncoderLayer(
          (self_attn): MultiheadAttention(
            (out_proj): NonDynamicallyQuantizableLinear(in_features=50, out_features=50, bias=True)
          )
          (linear1): Linear(in_features=50, out_features=512, bias=True)
          (dropout): Dropout(p=0.0, inplace=False)
          (linear2): Linear(in_features=512, out_features=50, bias=True)
          (norm1): LayerNorm((50,), eps=1e-05, elementwise_affine=True)
          (norm2): LayerNorm((50,), eps=1e-05, elementwise_affine=True)
          (dropout1): Dropout(p=0.0, inplace=False)
          (dropout2): Dropout(p=0.0, inplace=False)
        )
        (1): TransformerEncoderLayer(
          (self_attn): MultiheadAttention(
            (out_proj): NonDynamicallyQuantizableLinear(in_features=50, out_features=50, bias=True)
          )
          (linear1): Linear(in_features=50, out_features=512, bias=True)
          (dropout): Dropout(p=0.0, inplace=False)
          (linear2): Linear(in_features=512, out_features=50, bias=True)
          (norm1): LayerNorm((50,), eps=1e-05, elementwise_affine=True)
          (norm2): LayerNorm((50,), eps=1e-05, elementwise_affine=True)
          (dropout1): Dropout(p=0.0, inplace=False)
          (dropout2): Dropout(p=0.0, inplace=False)
        )
        (2): TransformerEncoderLayer(
          (self_attn): MultiheadAttention(
            (out_proj): NonDynamicallyQuantizableLinear(in_features=50, out_features=50, bias=True)
          )
          (linear1): Linear(in_features=50, out_features=512, bias=True)
          (dropout): Dropout(p=0.0, inplace=False)
          (linear2): Linear(in_features=512, out_features=50, bias=True)
          (norm1): LayerNorm((50,), eps=1e-05, elementwise_affine=True)
          (norm2): LayerNorm((50,), eps=1e-05, elementwise_affine=True)
          (dropout1): Dropout(p=0.0, inplace=False)
          (dropout2): Dropout(p=0.0, inplace=False)
        )
      )
    )
    (linear2): Linear(in_features=128, out_features=1, bias=True)
  )
  (decoder): Decoder(
    (main): Sequential(
      (0): ConvTranspose1d(50, 512, kernel_size=(10,), stride=(1,), bias=False)
      (1): BatchNorm1d(512, eps=1e-05, momentum=0.1, affine=True, track_running_stats=True)
      (2): ReLU(inplace=True)
      (3): ConvTranspose1d(512, 256, kernel_size=(4,), stride=(2,), padding=(1,), bias=False)
      (4): BatchNorm1d(256, eps=1e-05, momentum=0.1, affine=True, track_running_stats=True)
      (5): ReLU(inplace=True)
      (6): ConvTranspose1d(256, 128, kernel_size=(4,), stride=(2,), padding=(1,), bias=False)
      (7): BatchNorm1d(128, eps=1e-05, momentum=0.1, affine=True, track_running_stats=True)
      (8): ReLU(inplace=True)
      (9): ConvTranspose1d(128, 64, kernel_size=(4,), stride=(2,), padding=(1,), bias=False)
      (10): BatchNorm1d(64, eps=1e-05, momentum=0.1, affine=True, track_running_stats=True)
      (11): ReLU(inplace=True)
      (12): ConvTranspose1d(64, 32, kernel_size=(4,), stride=(2,), padding=(1,), bias=False)
      (13): BatchNorm1d(32, eps=1e-05, momentum=0.1, affine=True, track_running_stats=True)
      (14): ReLU(inplace=True)
      (15): ConvTranspose1d(32, 1, kernel_size=(4,), stride=(2,), padding=(1,), bias=False)
      (16): Tanh()
    )
  )
)
Total number of parameters: 2095671
Discriminator(
  (features): Sequential(
    (0): Conv1d(1, 32, kernel_size=(4,), stride=(2,), padding=(1,), bias=False)
    (1): LeakyReLU(negative_slope=0.2, inplace=True)
    (2): Conv1d(32, 64, kernel_size=(4,), stride=(2,), padding=(1,), bias=False)
    (3): BatchNorm1d(64, eps=1e-05, momentum=0.1, affine=True, track_running_stats=True)
    (4): LeakyReLU(negative_slope=0.2, inplace=True)
    (5): Conv1d(64, 128, kernel_size=(4,), stride=(2,), padding=(1,), bias=False)
    (6): BatchNorm1d(128, eps=1e-05, momentum=0.1, affine=True, track_running_stats=True)
    (7): LeakyReLU(negative_slope=0.2, inplace=True)
    (8): Conv1d(128, 256, kernel_size=(4,), stride=(2,), padding=(1,), bias=False)
    (9): BatchNorm1d(256, eps=1e-05, momentum=0.1, affine=True, track_running_stats=True)
    (10): LeakyReLU(negative_slope=0.2, inplace=True)
    (11): Conv1d(256, 512, kernel_size=(4,), stride=(2,), padding=(1,), bias=False)
    (12): BatchNorm1d(512, eps=1e-05, momentum=0.1, affine=True, track_running_stats=True)
    (13): LeakyReLU(negative_slope=0.2, inplace=True)
  )
  (classifier): Sequential(
    (0): Conv1d(512, 1, kernel_size=(10,), stride=(1,), bias=False)
    (Sigmoid): Sigmoid()
  )
)
Total number of parameters: 703488
################  Train  ##################
Train model.
Epoch: [1] [ 100/ 975] D_loss(R/F): 0.048578/0.116791, G_loss: 0.210315
Epoch: [1] [ 200/ 975] D_loss(R/F): 0.010479/0.297192, G_loss: 0.254719
Epoch: [1] [ 300/ 975] D_loss(R/F): 0.060223/0.002781, G_loss: 0.272671
Epoch: [1] [ 400/ 975] D_loss(R/F): 0.054084/0.001634, G_loss: 0.328101
Epoch: [1] [ 500/ 975] D_loss(R/F): 0.004640/0.003659, G_loss: 0.327035
Epoch: [1] [ 600/ 975] D_loss(R/F): 0.017631/0.037532, G_loss: 0.227147
Epoch: [1] [ 700/ 975] D_loss(R/F): 0.011424/0.017026, G_loss: 0.222767
Epoch: [1] [ 800/ 975] D_loss(R/F): 0.069017/0.001627, G_loss: 0.253610
Epoch: [1] [ 900/ 975] D_loss(R/F): 0.001470/0.006810, G_loss: 0.265155
[1] auc:0.8949 th:0.0237 f1:0.5851 	 best_auc:0.8949 in epoch[1]

Epoch: [2] [ 100/ 975] D_loss(R/F): 0.265443/0.033016, G_loss: 0.153064
Epoch: [2] [ 200/ 975] D_loss(R/F): 0.008794/0.117233, G_loss: 0.240547
Epoch: [2] [ 300/ 975] D_loss(R/F): 0.029130/0.018286, G_loss: 0.234073
Epoch: [2] [ 400/ 975] D_loss(R/F): 0.006582/0.003473, G_loss: 0.290062
Epoch: [2] [ 500/ 975] D_loss(R/F): 0.005662/0.006899, G_loss: 0.299781
Epoch: [2] [ 600/ 975] D_loss(R/F): 0.000197/9.430986, G_loss: 0.106965
Epoch: [2] [ 700/ 975] D_loss(R/F): 0.050487/0.311061, G_loss: 0.128140
Epoch: [2] [ 800/ 975] D_loss(R/F): 0.016335/0.003706, G_loss: 0.267762
Epoch: [2] [ 900/ 975] D_loss(R/F): 0.010171/0.019967, G_loss: 0.273308
[2] auc:0.9013 th:0.0384 f1:0.6006 	 best_auc:0.9013 in epoch[2]

Epoch: [3] [ 100/ 975] D_loss(R/F): 0.008673/0.000717, G_loss: 0.303842
Epoch: [3] [ 200/ 975] D_loss(R/F): 0.002654/0.000187, G_loss: 0.344813
Epoch: [3] [ 300/ 975] D_loss(R/F): 0.002894/0.000734, G_loss: 0.289008
Epoch: [3] [ 400/ 975] D_loss(R/F): 0.005391/0.000635, G_loss: 0.288175
Epoch: [3] [ 500/ 975] D_loss(R/F): 0.003265/0.019065, G_loss: 0.249731
Epoch: [3] [ 600/ 975] D_loss(R/F): 0.002774/0.004452, G_loss: 0.280775
Epoch: [3] [ 700/ 975] D_loss(R/F): 0.001686/0.000663, G_loss: 0.331292
Epoch: [3] [ 800/ 975] D_loss(R/F): 0.013790/0.000186, G_loss: 0.313910
Epoch: [3] [ 900/ 975] D_loss(R/F): 0.001958/0.006065, G_loss: 0.262454
[3] auc:0.9038 th:0.0470 f1:0.6178 	 best_auc:0.9038 in epoch[3]

Epoch: [4] [ 100/ 975] D_loss(R/F): 0.001631/0.029600, G_loss: 0.232373
Epoch: [4] [ 200/ 975] D_loss(R/F): 0.002610/0.000614, G_loss: 0.319400
Epoch: [4] [ 300/ 975] D_loss(R/F): 0.002082/0.002694, G_loss: 0.264416
Epoch: [4] [ 400/ 975] D_loss(R/F): 0.000620/0.000152, G_loss: 0.328080
Epoch: [4] [ 500/ 975] D_loss(R/F): 0.000622/0.000041, G_loss: 0.356623
Epoch: [4] [ 600/ 975] D_loss(R/F): 0.004903/0.000655, G_loss: 0.349610
Epoch: [4] [ 700/ 975] D_loss(R/F): 0.002993/0.000340, G_loss: 0.285075
Epoch: [4] [ 800/ 975] D_loss(R/F): 0.001783/0.000703, G_loss: 0.275067
Epoch: [4] [ 900/ 975] D_loss(R/F): 0.227988/0.550929, G_loss: 0.043967
[4] auc:0.9031 th:0.0559 f1:0.6341 	 best_auc:0.9038 in epoch[3]

Epoch: [5] [ 100/ 975] D_loss(R/F): 0.004262/0.015138, G_loss: 0.239313
Epoch: [5] [ 200/ 975] D_loss(R/F): 0.003519/0.001467, G_loss: 0.246573
Epoch: [5] [ 300/ 975] D_loss(R/F): 0.001360/0.000856, G_loss: 0.306185
Epoch: [5] [ 400/ 975] D_loss(R/F): 0.002185/0.000698, G_loss: 0.298084
Epoch: [5] [ 500/ 975] D_loss(R/F): 0.001050/0.000307, G_loss: 0.336234
Epoch: [5] [ 600/ 975] D_loss(R/F): 0.001364/0.000097, G_loss: 0.300809
Epoch: [5] [ 700/ 975] D_loss(R/F): 0.002077/0.000372, G_loss: 0.272161
Epoch: [5] [ 800/ 975] D_loss(R/F): 0.001206/0.001442, G_loss: 0.258617
Epoch: [5] [ 900/ 975] D_loss(R/F): 0.000803/0.000636, G_loss: 0.263862
[5] auc:0.8986 th:0.0705 f1:0.6381 	 best_auc:0.9038 in epoch[3]

Epoch: [6] [ 100/ 975] D_loss(R/F): 0.026410/1.682578, G_loss: 0.097204
Epoch: [6] [ 200/ 975] D_loss(R/F): 1.081706/0.010822, G_loss: 0.103956
Epoch: [6] [ 300/ 975] D_loss(R/F): 0.059772/0.014632, G_loss: 0.151520
Epoch: [6] [ 400/ 975] D_loss(R/F): 0.003209/0.000731, G_loss: 0.268998
Epoch: [6] [ 500/ 975] D_loss(R/F): 0.007049/0.003221, G_loss: 0.220470
Epoch: [6] [ 600/ 975] D_loss(R/F): 0.000904/0.007391, G_loss: 0.258591
Epoch: [6] [ 700/ 975] D_loss(R/F): 0.000712/0.000051, G_loss: 0.296453
Epoch: [6] [ 800/ 975] D_loss(R/F): 0.001854/0.000018, G_loss: 0.294416
Epoch: [6] [ 900/ 975] D_loss(R/F): 0.003041/0.003511, G_loss: 0.248746
[6] auc:0.9059 th:0.0662 f1:0.6462 	 best_auc:0.9059 in epoch[6]

Epoch: [7] [ 100/ 975] D_loss(R/F): 0.000820/0.000202, G_loss: 0.282183
Epoch: [7] [ 200/ 975] D_loss(R/F): 0.002083/0.001961, G_loss: 0.235253
Epoch: [7] [ 300/ 975] D_loss(R/F): 0.003333/0.000182, G_loss: 0.288936
Epoch: [7] [ 400/ 975] D_loss(R/F): 0.000991/0.001051, G_loss: 0.250962
Epoch: [7] [ 500/ 975] D_loss(R/F): 0.000542/0.005377, G_loss: 0.242895
Epoch: [7] [ 600/ 975] D_loss(R/F): 0.000764/0.000225, G_loss: 0.321618
Epoch: [7] [ 700/ 975] D_loss(R/F): 0.000417/0.000165, G_loss: 0.264884
Epoch: [7] [ 800/ 975] D_loss(R/F): 0.000946/0.003864, G_loss: 0.244573
Epoch: [7] [ 900/ 975] D_loss(R/F): 0.000401/0.000251, G_loss: 0.247415
[7] auc:0.8984 th:0.0507 f1:0.6469 	 best_auc:0.9059 in epoch[6]

Epoch: [8] [ 100/ 975] D_loss(R/F): 0.000146/0.000069, G_loss: 0.337221
Epoch: [8] [ 200/ 975] D_loss(R/F): 0.000753/0.000071, G_loss: 0.303672
Epoch: [8] [ 300/ 975] D_loss(R/F): 0.000152/0.000053, G_loss: 0.321811
Epoch: [8] [ 400/ 975] D_loss(R/F): 0.000294/0.000002, G_loss: 0.343787
Epoch: [8] [ 500/ 975] D_loss(R/F): 0.000271/0.000021, G_loss: 0.355316
Epoch: [8] [ 600/ 975] D_loss(R/F): 0.000812/0.000337, G_loss: 0.258874
Epoch: [8] [ 700/ 975] D_loss(R/F): 0.000160/0.000021, G_loss: 0.314173
Epoch: [8] [ 800/ 975] D_loss(R/F): 0.000094/0.000394, G_loss: 0.251257
Epoch: [8] [ 900/ 975] D_loss(R/F): 0.000103/0.004394, G_loss: 0.229060
[8] auc:0.9059 th:0.0502 f1:0.6543 	 best_auc:0.9059 in epoch[6]

Epoch: [9] [ 100/ 975] D_loss(R/F): 0.369203/0.155324, G_loss: 0.078895
Epoch: [9] [ 200/ 975] D_loss(R/F): 0.133645/0.190868, G_loss: 0.095164
Epoch: [9] [ 300/ 975] D_loss(R/F): 0.003732/0.044877, G_loss: 0.194034
Epoch: [9] [ 400/ 975] D_loss(R/F): 0.003866/0.003668, G_loss: 0.258670
Epoch: [9] [ 500/ 975] D_loss(R/F): 0.001226/0.001936, G_loss: 0.256515
Epoch: [9] [ 600/ 975] D_loss(R/F): 0.002558/0.000707, G_loss: 0.242906
Epoch: [9] [ 700/ 975] D_loss(R/F): 0.002275/0.003300, G_loss: 0.229200
Epoch: [9] [ 800/ 975] D_loss(R/F): 0.001126/0.000307, G_loss: 0.289609
Epoch: [9] [ 900/ 975] D_loss(R/F): 0.002744/0.022510, G_loss: 0.225721
[9] auc:0.9034 th:0.0457 f1:0.6577 	 best_auc:0.9059 in epoch[6]

Epoch: [10] [ 100/ 975] D_loss(R/F): 0.002084/0.000210, G_loss: 0.255357
Epoch: [10] [ 200/ 975] D_loss(R/F): 0.000777/0.000056, G_loss: 0.271408
Epoch: [10] [ 300/ 975] D_loss(R/F): 0.000504/0.000241, G_loss: 0.296680
Epoch: [10] [ 400/ 975] D_loss(R/F): 0.448283/0.248997, G_loss: 0.041043
Epoch: [10] [ 500/ 975] D_loss(R/F): 0.403839/0.125610, G_loss: 0.057609
Epoch: [10] [ 600/ 975] D_loss(R/F): 0.028547/0.740458, G_loss: 0.073293
Epoch: [10] [ 700/ 975] D_loss(R/F): 0.039301/0.173672, G_loss: 0.120188
Epoch: [10] [ 800/ 975] D_loss(R/F): 0.001937/0.015808, G_loss: 0.196544
Epoch: [10] [ 900/ 975] D_loss(R/F): 0.000818/0.004274, G_loss: 0.264479
[10] auc:0.9025 th:0.0535 f1:0.6588 	 best_auc:0.9059 in epoch[6]

Epoch: [11] [ 100/ 975] D_loss(R/F): 0.002965/0.002673, G_loss: 0.219249
Epoch: [11] [ 200/ 975] D_loss(R/F): 0.002123/0.000127, G_loss: 0.273133
Epoch: [11] [ 300/ 975] D_loss(R/F): 0.001339/0.000972, G_loss: 0.224638
Epoch: [11] [ 400/ 975] D_loss(R/F): 0.000762/0.000532, G_loss: 0.271386
Epoch: [11] [ 500/ 975] D_loss(R/F): 0.000835/0.002652, G_loss: 0.228050
Epoch: [11] [ 600/ 975] D_loss(R/F): 0.000358/0.000460, G_loss: 0.294644
Epoch: [11] [ 700/ 975] D_loss(R/F): 0.001306/0.000115, G_loss: 0.272320
Epoch: [11] [ 800/ 975] D_loss(R/F): 0.001099/0.008927, G_loss: 0.241278
Epoch: [11] [ 900/ 975] D_loss(R/F): 0.000507/0.000081, G_loss: 0.285150
[11] auc:0.9089 th:0.0416 f1:0.6561 	 best_auc:0.9089 in epoch[11]

Epoch: [12] [ 100/ 975] D_loss(R/F): 0.000416/0.000090, G_loss: 0.262122
Epoch: [12] [ 200/ 975] D_loss(R/F): 0.000954/0.004434, G_loss: 0.210184
Epoch: [12] [ 300/ 975] D_loss(R/F): 0.000666/0.001453, G_loss: 0.244493
Epoch: [12] [ 400/ 975] D_loss(R/F): 0.000723/0.000052, G_loss: 0.280682
Epoch: [12] [ 500/ 975] D_loss(R/F): 0.000108/0.000119, G_loss: 0.291728
Epoch: [12] [ 600/ 975] D_loss(R/F): 0.000391/0.000243, G_loss: 0.246964
Epoch: [12] [ 700/ 975] D_loss(R/F): 0.000211/0.000176, G_loss: 0.257981
Epoch: [12] [ 800/ 975] D_loss(R/F): 0.000201/0.000100, G_loss: 0.259559
Epoch: [12] [ 900/ 975] D_loss(R/F): 0.000257/0.000002, G_loss: 0.327527
[12] auc:0.9015 th:0.0522 f1:0.6660 	 best_auc:0.9089 in epoch[11]

Epoch: [13] [ 100/ 975] D_loss(R/F): 0.000998/0.000159, G_loss: 0.230688
Epoch: [13] [ 200/ 975] D_loss(R/F): 0.000327/0.000592, G_loss: 0.236187
Epoch: [13] [ 300/ 975] D_loss(R/F): 0.000174/0.000001, G_loss: 0.342088
Epoch: [13] [ 400/ 975] D_loss(R/F): 0.000062/0.000002, G_loss: 0.325285
Epoch: [13] [ 500/ 975] D_loss(R/F): 0.000256/0.000096, G_loss: 0.267123
Epoch: [13] [ 600/ 975] D_loss(R/F): 0.000078/0.001613, G_loss: 0.227143
Epoch: [13] [ 700/ 975] D_loss(R/F): 0.000058/0.000939, G_loss: 0.244800
Epoch: [13] [ 800/ 975] D_loss(R/F): 0.000216/0.001156, G_loss: 0.231322
Epoch: [13] [ 900/ 975] D_loss(R/F): 0.000099/0.000005, G_loss: 0.324266
[13] auc:0.8998 th:0.0418 f1:0.6637 	 best_auc:0.9089 in epoch[11]

Epoch: [14] [ 100/ 975] D_loss(R/F): 0.000157/0.000239, G_loss: 0.252806
Epoch: [14] [ 200/ 975] D_loss(R/F): 0.000030/0.000142, G_loss: 0.262091
Epoch: [14] [ 300/ 975] D_loss(R/F): 0.000257/0.000240, G_loss: 0.231240
Epoch: [14] [ 400/ 975] D_loss(R/F): 0.000123/0.000002, G_loss: 0.337018
Epoch: [14] [ 500/ 975] D_loss(R/F): 0.000130/0.000021, G_loss: 0.288971
Epoch: [14] [ 600/ 975] D_loss(R/F): 0.000023/0.000002, G_loss: 0.352895
Epoch: [14] [ 700/ 975] D_loss(R/F): 0.000061/0.000000, G_loss: 0.352456
Epoch: [14] [ 800/ 975] D_loss(R/F): 0.000102/0.000001, G_loss: 0.328791
Epoch: [14] [ 900/ 975] D_loss(R/F): 0.825804/0.496777, G_loss: 0.008728
[14] auc:0.9100 th:0.0306 f1:0.6709 	 best_auc:0.9100 in epoch[14]

Epoch: [15] [ 100/ 975] D_loss(R/F): 0.629831/0.104802, G_loss: 0.050990
Epoch: [15] [ 200/ 975] D_loss(R/F): 0.284421/0.107915, G_loss: 0.065806
Epoch: [15] [ 300/ 975] D_loss(R/F): 0.056284/0.164967, G_loss: 0.122062
Epoch: [15] [ 400/ 975] D_loss(R/F): 0.120378/0.027978, G_loss: 0.135806
Epoch: [15] [ 500/ 975] D_loss(R/F): 0.002481/0.038547, G_loss: 0.196590
Epoch: [15] [ 600/ 975] D_loss(R/F): 0.004214/0.006662, G_loss: 0.202815
Epoch: [15] [ 700/ 975] D_loss(R/F): 0.002982/0.001738, G_loss: 0.245179
Epoch: [15] [ 800/ 975] D_loss(R/F): 0.001146/0.001152, G_loss: 0.233971
Epoch: [15] [ 900/ 975] D_loss(R/F): 0.000368/0.003601, G_loss: 0.205489
[15] auc:0.9056 th:0.0514 f1:0.6656 	 best_auc:0.9100 in epoch[14]

Epoch: [16] [ 100/ 975] D_loss(R/F): 0.001436/0.001001, G_loss: 0.228179
Epoch: [16] [ 200/ 975] D_loss(R/F): 0.001348/0.000611, G_loss: 0.231828
Epoch: [16] [ 300/ 975] D_loss(R/F): 0.000500/0.000914, G_loss: 0.209723
Epoch: [16] [ 400/ 975] D_loss(R/F): 0.000460/0.001356, G_loss: 0.235436
Epoch: [16] [ 500/ 975] D_loss(R/F): 0.002719/0.000912, G_loss: 0.191283
Epoch: [16] [ 600/ 975] D_loss(R/F): 0.000244/0.001003, G_loss: 0.283342
Epoch: [16] [ 700/ 975] D_loss(R/F): 0.000271/0.000038, G_loss: 0.291557
Epoch: [16] [ 800/ 975] D_loss(R/F): 0.004239/0.001147, G_loss: 0.229254
Epoch: [16] [ 900/ 975] D_loss(R/F): 0.000422/0.000036, G_loss: 0.270481
[16] auc:0.9050 th:0.0475 f1:0.6584 	 best_auc:0.9100 in epoch[14]

Epoch: [17] [ 100/ 975] D_loss(R/F): 0.000288/0.002129, G_loss: 0.225003
Epoch: [17] [ 200/ 975] D_loss(R/F): 0.000407/0.000012, G_loss: 0.277944
Epoch: [17] [ 300/ 975] D_loss(R/F): 0.000171/0.021845, G_loss: 0.239016
Epoch: [17] [ 400/ 975] D_loss(R/F): 1.239613/0.077057, G_loss: 0.034889
Epoch: [17] [ 500/ 975] D_loss(R/F): 0.372270/0.124769, G_loss: 0.051284
Epoch: [17] [ 600/ 975] D_loss(R/F): 0.271189/0.058771, G_loss: 0.077083
Epoch: [17] [ 700/ 975] D_loss(R/F): 0.049686/0.230769, G_loss: 0.076955
Epoch: [17] [ 800/ 975] D_loss(R/F): 0.032839/0.069097, G_loss: 0.156122
Epoch: [17] [ 900/ 975] D_loss(R/F): 0.005733/0.015649, G_loss: 0.165112
[17] auc:0.9085 th:0.0403 f1:0.6592 	 best_auc:0.9100 in epoch[14]

Epoch: [18] [ 100/ 975] D_loss(R/F): 0.002068/0.000085, G_loss: 0.258034
Epoch: [18] [ 200/ 975] D_loss(R/F): 0.000383/0.002677, G_loss: 0.237695
Epoch: [18] [ 300/ 975] D_loss(R/F): 0.001291/0.005548, G_loss: 0.212445
Epoch: [18] [ 400/ 975] D_loss(R/F): 0.002504/0.000111, G_loss: 0.239896
Epoch: [18] [ 500/ 975] D_loss(R/F): 0.000749/0.003883, G_loss: 0.197863
Epoch: [18] [ 600/ 975] D_loss(R/F): 0.000245/0.002859, G_loss: 0.215123
Epoch: [18] [ 700/ 975] D_loss(R/F): 0.000554/0.000058, G_loss: 0.238462
Epoch: [18] [ 800/ 975] D_loss(R/F): 0.000328/0.000275, G_loss: 0.244397
Epoch: [18] [ 900/ 975] D_loss(R/F): 0.002108/0.001115, G_loss: 0.220650
[18] auc:0.8986 th:0.0388 f1:0.6667 	 best_auc:0.9100 in epoch[14]

Epoch: [19] [ 100/ 975] D_loss(R/F): 0.000254/0.000268, G_loss: 0.258447
Epoch: [19] [ 200/ 975] D_loss(R/F): 0.000650/0.000023, G_loss: 0.247387
Epoch: [19] [ 300/ 975] D_loss(R/F): 0.000248/0.001304, G_loss: 0.259296
Epoch: [19] [ 400/ 975] D_loss(R/F): 0.000435/0.000132, G_loss: 0.286033
Epoch: [19] [ 500/ 975] D_loss(R/F): 0.000282/0.000050, G_loss: 0.254468
Epoch: [19] [ 600/ 975] D_loss(R/F): 0.000926/0.000068, G_loss: 0.265883
Epoch: [19] [ 700/ 975] D_loss(R/F): 0.000277/0.000101, G_loss: 0.273847
Epoch: [19] [ 800/ 975] D_loss(R/F): 0.000026/0.000367, G_loss: 0.249892
Epoch: [19] [ 900/ 975] D_loss(R/F): 0.000168/0.002176, G_loss: 0.214909
[19] auc:0.9053 th:0.0446 f1:0.6717 	 best_auc:0.9100 in epoch[14]

Epoch: [20] [ 100/ 975] D_loss(R/F): 0.000324/0.000006, G_loss: 0.286995
Epoch: [20] [ 200/ 975] D_loss(R/F): 0.000251/0.000103, G_loss: 0.239637
Epoch: [20] [ 300/ 975] D_loss(R/F): 0.000073/0.000006, G_loss: 0.293185
Epoch: [20] [ 400/ 975] D_loss(R/F): 0.000259/0.000352, G_loss: 0.240242
Epoch: [20] [ 500/ 975] D_loss(R/F): 0.000231/0.000628, G_loss: 0.189200
Epoch: [20] [ 600/ 975] D_loss(R/F): 0.000342/0.005032, G_loss: 0.201887
Epoch: [20] [ 700/ 975] D_loss(R/F): 0.001143/0.000026, G_loss: 0.257731
Epoch: [20] [ 800/ 975] D_loss(R/F): 0.000069/0.000000, G_loss: 0.358411
Epoch: [20] [ 900/ 975] D_loss(R/F): 0.000057/0.000004, G_loss: 0.255578
[20] auc:0.9125 th:0.0415 f1:0.6684 	 best_auc:0.9125 in epoch[20]

Epoch: [21] [ 100/ 975] D_loss(R/F): 0.051853/0.840310, G_loss: 0.063878
Epoch: [21] [ 200/ 975] D_loss(R/F): 0.286437/0.125721, G_loss: 0.062129
Epoch: [21] [ 300/ 975] D_loss(R/F): 0.010108/1.349566, G_loss: 0.083370
Epoch: [21] [ 400/ 975] D_loss(R/F): 0.209777/0.078507, G_loss: 0.089561
Epoch: [21] [ 500/ 975] D_loss(R/F): 0.025065/0.287428, G_loss: 0.086895
Epoch: [21] [ 600/ 975] D_loss(R/F): 0.061521/0.053741, G_loss: 0.098590
Epoch: [21] [ 700/ 975] D_loss(R/F): 0.014470/0.009635, G_loss: 0.160911
Epoch: [21] [ 800/ 975] D_loss(R/F): 0.002558/0.007544, G_loss: 0.180277
Epoch: [21] [ 900/ 975] D_loss(R/F): 0.000606/0.005999, G_loss: 0.182957
[21] auc:0.9016 th:0.0428 f1:0.6677 	 best_auc:0.9125 in epoch[20]

Epoch: [22] [ 100/ 975] D_loss(R/F): 0.005803/0.000664, G_loss: 0.188164
Epoch: [22] [ 200/ 975] D_loss(R/F): 0.001523/0.000453, G_loss: 0.190615
Epoch: [22] [ 300/ 975] D_loss(R/F): 0.001316/0.000117, G_loss: 0.253543
Epoch: [22] [ 400/ 975] D_loss(R/F): 0.001566/0.004626, G_loss: 0.193522
Epoch: [22] [ 500/ 975] D_loss(R/F): 0.000378/0.001764, G_loss: 0.216282
Epoch: [22] [ 600/ 975] D_loss(R/F): 0.000504/0.000427, G_loss: 0.206110
Epoch: [22] [ 700/ 975] D_loss(R/F): 0.000349/0.000071, G_loss: 0.234919
Epoch: [22] [ 800/ 975] D_loss(R/F): 0.000316/0.000333, G_loss: 0.238357
Epoch: [22] [ 900/ 975] D_loss(R/F): 0.000212/0.000032, G_loss: 0.243554
[22] auc:0.9004 th:0.0445 f1:0.6728 	 best_auc:0.9125 in epoch[20]

Epoch: [23] [ 100/ 975] D_loss(R/F): 0.000104/0.001439, G_loss: 0.205063
Epoch: [23] [ 200/ 975] D_loss(R/F): 0.001537/0.000125, G_loss: 0.233660
Epoch: [23] [ 300/ 975] D_loss(R/F): 0.005461/0.000185, G_loss: 0.215801
Epoch: [23] [ 400/ 975] D_loss(R/F): 0.000268/0.000029, G_loss: 0.256148
Epoch: [23] [ 500/ 975] D_loss(R/F): 0.000168/0.000003, G_loss: 0.289225
Epoch: [23] [ 600/ 975] D_loss(R/F): 0.001054/0.000050, G_loss: 0.245882
Epoch: [23] [ 700/ 975] D_loss(R/F): 0.000129/0.000197, G_loss: 0.235114
Epoch: [23] [ 800/ 975] D_loss(R/F): 0.000389/0.000002, G_loss: 0.301398
Epoch: [23] [ 900/ 975] D_loss(R/F): 0.000055/0.000654, G_loss: 0.227169
[23] auc:0.9038 th:0.0380 f1:0.6740 	 best_auc:0.9125 in epoch[20]

Epoch: [24] [ 100/ 975] D_loss(R/F): 0.000089/0.000697, G_loss: 0.232235
Epoch: [24] [ 200/ 975] D_loss(R/F): 0.000074/0.000435, G_loss: 0.214936
Epoch: [24] [ 300/ 975] D_loss(R/F): 0.000036/0.000008, G_loss: 0.273521
Epoch: [24] [ 400/ 975] D_loss(R/F): 0.000121/0.000001, G_loss: 0.323431
Epoch: [24] [ 500/ 975] D_loss(R/F): 0.000269/0.000229, G_loss: 0.218252
Epoch: [24] [ 600/ 975] D_loss(R/F): 0.002554/0.000005, G_loss: 0.252580
Epoch: [24] [ 700/ 975] D_loss(R/F): 0.000274/0.000868, G_loss: 0.210420
Epoch: [24] [ 800/ 975] D_loss(R/F): 0.000167/0.000089, G_loss: 0.244573
Epoch: [24] [ 900/ 975] D_loss(R/F): 0.000085/0.000189, G_loss: 0.224045
[24] auc:0.9072 th:0.0370 f1:0.6712 	 best_auc:0.9125 in epoch[20]

Epoch: [25] [ 100/ 975] D_loss(R/F): 0.000130/0.000125, G_loss: 0.252690
Epoch: [25] [ 200/ 975] D_loss(R/F): 0.000090/0.000007, G_loss: 0.288121
Epoch: [25] [ 300/ 975] D_loss(R/F): 0.000201/0.000000, G_loss: 0.300481
Epoch: [25] [ 400/ 975] D_loss(R/F): 1.028892/0.321764, G_loss: 0.021450
Epoch: [25] [ 500/ 975] D_loss(R/F): 0.112254/0.906770, G_loss: 0.024524
Epoch: [25] [ 600/ 975] D_loss(R/F): 0.185943/0.567034, G_loss: 0.026777
Epoch: [25] [ 700/ 975] D_loss(R/F): 0.124848/0.368535, G_loss: 0.052082
Epoch: [25] [ 800/ 975] D_loss(R/F): 0.041234/0.702456, G_loss: 0.057961
Epoch: [25] [ 900/ 975] D_loss(R/F): 0.034300/0.209148, G_loss: 0.084300
[25] auc:0.9108 th:0.0360 f1:0.6773 	 best_auc:0.9125 in epoch[20]

Epoch: [26] [ 100/ 975] D_loss(R/F): 0.168387/0.103146, G_loss: 0.064390
Epoch: [26] [ 200/ 975] D_loss(R/F): 0.046121/0.424181, G_loss: 0.072251
Epoch: [26] [ 300/ 975] D_loss(R/F): 0.309815/0.016672, G_loss: 0.081024
Epoch: [26] [ 400/ 975] D_loss(R/F): 0.026469/0.073957, G_loss: 0.092851
Epoch: [26] [ 500/ 975] D_loss(R/F): 0.018545/0.009449, G_loss: 0.123399
Epoch: [26] [ 600/ 975] D_loss(R/F): 0.004654/0.004162, G_loss: 0.199623
Epoch: [26] [ 700/ 975] D_loss(R/F): 0.005885/0.057182, G_loss: 0.175243
Epoch: [26] [ 800/ 975] D_loss(R/F): 0.000744/0.005079, G_loss: 0.171609
Epoch: [26] [ 900/ 975] D_loss(R/F): 0.016114/0.000055, G_loss: 0.205855
[26] auc:0.8946 th:0.0355 f1:0.6702 	 best_auc:0.9125 in epoch[20]

Epoch: [27] [ 100/ 975] D_loss(R/F): 0.003028/0.000310, G_loss: 0.203286
Epoch: [27] [ 200/ 975] D_loss(R/F): 0.001070/0.001365, G_loss: 0.187690
Epoch: [27] [ 300/ 975] D_loss(R/F): 0.001714/0.006777, G_loss: 0.180689
Epoch: [27] [ 400/ 975] D_loss(R/F): 0.002262/0.000595, G_loss: 0.209535
Epoch: [27] [ 500/ 975] D_loss(R/F): 0.001944/0.000550, G_loss: 0.168202
Epoch: [27] [ 600/ 975] D_loss(R/F): 0.001011/0.000083, G_loss: 0.240765
Epoch: [27] [ 700/ 975] D_loss(R/F): 0.000607/0.002845, G_loss: 0.206462
Epoch: [27] [ 800/ 975] D_loss(R/F): 0.002150/0.006699, G_loss: 0.168777
Epoch: [27] [ 900/ 975] D_loss(R/F): 0.000785/0.000224, G_loss: 0.224379
[27] auc:0.9027 th:0.0436 f1:0.6687 	 best_auc:0.9125 in epoch[20]

Epoch: [28] [ 100/ 975] D_loss(R/F): 0.000931/0.000461, G_loss: 0.196900
Epoch: [28] [ 200/ 975] D_loss(R/F): 0.000201/0.000985, G_loss: 0.204702
Epoch: [28] [ 300/ 975] D_loss(R/F): 0.000864/0.000269, G_loss: 0.199864
Epoch: [28] [ 400/ 975] D_loss(R/F): 0.000098/0.000004, G_loss: 0.287801
Epoch: [28] [ 500/ 975] D_loss(R/F): 0.000056/0.001728, G_loss: 0.187830
Epoch: [28] [ 600/ 975] D_loss(R/F): 0.000663/0.000011, G_loss: 0.245280
Epoch: [28] [ 700/ 975] D_loss(R/F): 0.000086/0.000100, G_loss: 0.216195
Epoch: [28] [ 800/ 975] D_loss(R/F): 0.000206/0.000078, G_loss: 0.223118
Epoch: [28] [ 900/ 975] D_loss(R/F): 0.000394/0.000018, G_loss: 0.232228
[28] auc:0.8962 th:0.0296 f1:0.6676 	 best_auc:0.9125 in epoch[20]

Epoch: [29] [ 100/ 975] D_loss(R/F): 0.000129/0.000184, G_loss: 0.212550
Epoch: [29] [ 200/ 975] D_loss(R/F): 0.000345/0.000207, G_loss: 0.202325
Epoch: [29] [ 300/ 975] D_loss(R/F): 0.000105/0.000005, G_loss: 0.247450
Epoch: [29] [ 400/ 975] D_loss(R/F): 0.000203/0.000007, G_loss: 0.260163
Epoch: [29] [ 500/ 975] D_loss(R/F): 0.000137/0.000000, G_loss: 0.321488
Epoch: [29] [ 600/ 975] D_loss(R/F): 0.000198/0.000024, G_loss: 0.238409
Epoch: [29] [ 700/ 975] D_loss(R/F): 0.000091/0.000151, G_loss: 0.196167
Epoch: [29] [ 800/ 975] D_loss(R/F): 0.000044/0.000025, G_loss: 0.258209
Epoch: [29] [ 900/ 975] D_loss(R/F): 0.002433/0.000000, G_loss: 0.285771
[29] auc:0.9217 th:0.0358 f1:0.6804 	 best_auc:0.9217 in epoch[29]

Epoch: [30] [ 100/ 975] D_loss(R/F): 0.009076/2.507485, G_loss: 0.044927
Epoch: [30] [ 200/ 975] D_loss(R/F): 0.291158/0.103351, G_loss: 0.058785
Epoch: [30] [ 300/ 975] D_loss(R/F): 0.093907/0.199923, G_loss: 0.071527
Epoch: [30] [ 400/ 975] D_loss(R/F): 0.003587/0.053587, G_loss: 0.140003
Epoch: [30] [ 500/ 975] D_loss(R/F): 0.005779/0.005018, G_loss: 0.172180
Epoch: [30] [ 600/ 975] D_loss(R/F): 0.000935/0.010747, G_loss: 0.175826
Epoch: [30] [ 700/ 975] D_loss(R/F): 0.000253/0.000964, G_loss: 0.198463
Epoch: [30] [ 800/ 975] D_loss(R/F): 0.001032/0.000539, G_loss: 0.187819
Epoch: [30] [ 900/ 975] D_loss(R/F): 0.000704/0.001599, G_loss: 0.175778
[30] auc:0.9009 th:0.0356 f1:0.6779 	 best_auc:0.9217 in epoch[29]

Epoch: [31] [ 100/ 975] D_loss(R/F): 0.000876/0.001898, G_loss: 0.177757
Epoch: [31] [ 200/ 975] D_loss(R/F): 0.000598/0.000347, G_loss: 0.196115
Epoch: [31] [ 300/ 975] D_loss(R/F): 0.000424/0.000239, G_loss: 0.189051
Epoch: [31] [ 400/ 975] D_loss(R/F): 0.001345/0.000001, G_loss: 0.243300
Epoch: [31] [ 500/ 975] D_loss(R/F): 0.000149/0.002268, G_loss: 0.176501
Epoch: [31] [ 600/ 975] D_loss(R/F): 0.000210/0.000087, G_loss: 0.217110
Epoch: [31] [ 700/ 975] D_loss(R/F): 0.000330/0.002214, G_loss: 0.200299
Epoch: [31] [ 800/ 975] D_loss(R/F): 0.067818/0.449922, G_loss: 0.045208
Epoch: [31] [ 900/ 975] D_loss(R/F): 0.175430/0.020611, G_loss: 0.109238
[31] auc:0.9106 th:0.0375 f1:0.6751 	 best_auc:0.9217 in epoch[29]

Epoch: [32] [ 100/ 975] D_loss(R/F): 0.002767/0.002660, G_loss: 0.181584
Epoch: [32] [ 200/ 975] D_loss(R/F): 0.000379/0.001122, G_loss: 0.207903
Epoch: [32] [ 300/ 975] D_loss(R/F): 0.001431/0.004041, G_loss: 0.165038
Epoch: [32] [ 400/ 975] D_loss(R/F): 0.000581/0.003556, G_loss: 0.178448
Epoch: [32] [ 500/ 975] D_loss(R/F): 0.000718/0.000252, G_loss: 0.188491
Epoch: [32] [ 600/ 975] D_loss(R/F): 0.001186/0.000289, G_loss: 0.188594
Epoch: [32] [ 700/ 975] D_loss(R/F): 0.000578/0.000060, G_loss: 0.223264
Epoch: [32] [ 800/ 975] D_loss(R/F): 0.001977/0.000224, G_loss: 0.217705
Epoch: [32] [ 900/ 975] D_loss(R/F): 0.000788/0.000093, G_loss: 0.181309
[32] auc:0.9006 th:0.0466 f1:0.6821 	 best_auc:0.9217 in epoch[29]

Epoch: [33] [ 100/ 975] D_loss(R/F): 0.000746/0.000192, G_loss: 0.192981
Epoch: [33] [ 200/ 975] D_loss(R/F): 0.000235/0.000006, G_loss: 0.264814
Epoch: [33] [ 300/ 975] D_loss(R/F): 0.000102/0.000305, G_loss: 0.199545
Epoch: [33] [ 400/ 975] D_loss(R/F): 0.000863/0.000010, G_loss: 0.242504
Epoch: [33] [ 500/ 975] D_loss(R/F): 0.000142/0.002267, G_loss: 0.180309
Epoch: [33] [ 600/ 975] D_loss(R/F): 0.000234/0.000025, G_loss: 0.231033
Epoch: [33] [ 700/ 975] D_loss(R/F): 0.000408/0.000498, G_loss: 0.210789
Epoch: [33] [ 800/ 975] D_loss(R/F): 0.000134/0.000016, G_loss: 0.259791
Epoch: [33] [ 900/ 975] D_loss(R/F): 0.000050/0.001326, G_loss: 0.180300
[33] auc:0.8989 th:0.0417 f1:0.6829 	 best_auc:0.9217 in epoch[29]

Epoch: [34] [ 100/ 975] D_loss(R/F): 0.000086/0.000026, G_loss: 0.232969
Epoch: [34] [ 200/ 975] D_loss(R/F): 0.000178/0.002994, G_loss: 0.184261
Epoch: [34] [ 300/ 975] D_loss(R/F): 0.000101/0.000347, G_loss: 0.185759
Epoch: [34] [ 400/ 975] D_loss(R/F): 0.000016/0.000029, G_loss: 0.245574
Epoch: [34] [ 500/ 975] D_loss(R/F): 0.000311/0.000028, G_loss: 0.220811
Epoch: [34] [ 600/ 975] D_loss(R/F): 0.000084/0.000157, G_loss: 0.202089
Epoch: [34] [ 700/ 975] D_loss(R/F): 0.000108/0.000024, G_loss: 0.198158
Epoch: [34] [ 800/ 975] D_loss(R/F): 0.000086/0.000004, G_loss: 0.254807
Epoch: [34] [ 900/ 975] D_loss(R/F): 0.000059/0.000002, G_loss: 0.284680
[34] auc:0.9032 th:0.0413 f1:0.6746 	 best_auc:0.9217 in epoch[29]

Epoch: [35] [ 100/ 975] D_loss(R/F): 0.000253/0.000010, G_loss: 0.215580
Epoch: [35] [ 200/ 975] D_loss(R/F): 0.000020/0.000002, G_loss: 0.267696
Epoch: [35] [ 300/ 975] D_loss(R/F): 0.000221/0.000000, G_loss: 0.305501
Epoch: [35] [ 400/ 975] D_loss(R/F): 0.000198/0.000034, G_loss: 0.206157
Epoch: [35] [ 500/ 975] D_loss(R/F): 0.000046/0.000033, G_loss: 0.218183
Epoch: [35] [ 600/ 975] D_loss(R/F): 0.000068/0.000091, G_loss: 0.206878
Epoch: [35] [ 700/ 975] D_loss(R/F): 0.000073/0.000000, G_loss: 0.292279
Epoch: [35] [ 800/ 975] D_loss(R/F): 0.000083/0.000010, G_loss: 0.238235
Epoch: [35] [ 900/ 975] D_loss(R/F): 0.000116/0.000017, G_loss: 0.205324
[35] auc:0.9034 th:0.0318 f1:0.6715 	 best_auc:0.9217 in epoch[29]

Epoch: [36] [ 100/ 975] D_loss(R/F): 0.000015/0.000222, G_loss: 0.201494
Epoch: [36] [ 200/ 975] D_loss(R/F): 0.000034/0.000007, G_loss: 0.236949
Epoch: [36] [ 300/ 975] D_loss(R/F): 0.000249/0.000001, G_loss: 0.266926
Epoch: [36] [ 400/ 975] D_loss(R/F): 0.000023/0.000189, G_loss: 0.201667
Epoch: [36] [ 500/ 975] D_loss(R/F): 0.000035/0.000054, G_loss: 0.218346
Epoch: [36] [ 600/ 975] D_loss(R/F): 0.000060/0.000314, G_loss: 0.195248
Epoch: [36] [ 700/ 975] D_loss(R/F): 0.000033/0.000000, G_loss: 0.305645
Reloading d net
Epoch: [36] [ 800/ 975] D_loss(R/F): 1.306161/0.234874, G_loss: 0.008250
Epoch: [36] [ 900/ 975] D_loss(R/F): 0.394068/0.719869, G_loss: 0.018553
[36] auc:0.9152 th:0.0384 f1:0.6822 	 best_auc:0.9217 in epoch[29]

Epoch: [37] [ 100/ 975] D_loss(R/F): 0.403638/0.444729, G_loss: 0.030889
Epoch: [37] [ 200/ 975] D_loss(R/F): 0.538388/0.460100, G_loss: 0.028109
Epoch: [37] [ 300/ 975] D_loss(R/F): 0.652323/0.309501, G_loss: 0.038713
Epoch: [37] [ 400/ 975] D_loss(R/F): 0.355940/0.492258, G_loss: 0.035514
Epoch: [37] [ 500/ 975] D_loss(R/F): 0.610984/0.290661, G_loss: 0.033619
Epoch: [37] [ 600/ 975] D_loss(R/F): 0.602614/0.210690, G_loss: 0.038810
Epoch: [37] [ 700/ 975] D_loss(R/F): 0.147690/1.000926, G_loss: 0.054122
Epoch: [37] [ 800/ 975] D_loss(R/F): 0.459548/0.333041, G_loss: 0.053261
Epoch: [37] [ 900/ 975] D_loss(R/F): 1.062584/0.175920, G_loss: 0.039950
[37] auc:0.9109 th:0.0291 f1:0.6881 	 best_auc:0.9217 in epoch[29]

Epoch: [38] [ 100/ 975] D_loss(R/F): 0.179796/0.508838, G_loss: 0.051803
Epoch: [38] [ 200/ 975] D_loss(R/F): 0.855337/0.066932, G_loss: 0.068707
Epoch: [38] [ 300/ 975] D_loss(R/F): 0.092342/0.759138, G_loss: 0.058851
Epoch: [38] [ 400/ 975] D_loss(R/F): 0.096303/0.394589, G_loss: 0.073938
Epoch: [38] [ 500/ 975] D_loss(R/F): 0.758155/0.076722, G_loss: 0.052190
Epoch: [38] [ 600/ 975] D_loss(R/F): 0.230015/0.354416, G_loss: 0.054965
Epoch: [38] [ 700/ 975] D_loss(R/F): 0.385538/0.217258, G_loss: 0.063607
Epoch: [38] [ 800/ 975] D_loss(R/F): 0.364365/0.195415, G_loss: 0.055153
Epoch: [38] [ 900/ 975] D_loss(R/F): 0.197158/0.311236, G_loss: 0.062454
[38] auc:0.9074 th:0.0289 f1:0.6910 	 best_auc:0.9217 in epoch[29]

Epoch: [39] [ 100/ 975] D_loss(R/F): 0.367736/0.211704, G_loss: 0.075259
Epoch: [39] [ 200/ 975] D_loss(R/F): 0.388994/0.172319, G_loss: 0.057693
Epoch: [39] [ 300/ 975] D_loss(R/F): 0.112027/0.688621, G_loss: 0.069756
Epoch: [39] [ 400/ 975] D_loss(R/F): 0.031628/0.597985, G_loss: 0.087732
Epoch: [39] [ 500/ 975] D_loss(R/F): 0.901005/0.075401, G_loss: 0.073346
Epoch: [39] [ 600/ 975] D_loss(R/F): 0.638665/0.078597, G_loss: 0.085445
Epoch: [39] [ 700/ 975] D_loss(R/F): 0.444983/0.053658, G_loss: 0.090618
Epoch: [39] [ 800/ 975] D_loss(R/F): 0.359865/0.129919, G_loss: 0.066113
Epoch: [39] [ 900/ 975] D_loss(R/F): 0.339206/0.114102, G_loss: 0.072968
[39] auc:0.9084 th:0.0257 f1:0.6873 	 best_auc:0.9217 in epoch[29]

Epoch: [40] [ 100/ 975] D_loss(R/F): 0.206165/0.181184, G_loss: 0.093563
Epoch: [40] [ 200/ 975] D_loss(R/F): 0.161773/0.184387, G_loss: 0.083711
Epoch: [40] [ 300/ 975] D_loss(R/F): 0.025413/0.648220, G_loss: 0.093501
Epoch: [40] [ 400/ 975] D_loss(R/F): 0.096892/0.369463, G_loss: 0.092778
Epoch: [40] [ 500/ 975] D_loss(R/F): 0.206223/0.177786, G_loss: 0.084881
Epoch: [40] [ 600/ 975] D_loss(R/F): 0.084746/0.257661, G_loss: 0.080792
Epoch: [40] [ 700/ 975] D_loss(R/F): 0.382129/0.045183, G_loss: 0.092651
Epoch: [40] [ 800/ 975] D_loss(R/F): 0.014406/0.676985, G_loss: 0.114903
Epoch: [40] [ 900/ 975] D_loss(R/F): 0.170873/0.071023, G_loss: 0.111691
[40] auc:0.9094 th:0.0302 f1:0.6862 	 best_auc:0.9217 in epoch[29]

Epoch: [41] [ 100/ 975] D_loss(R/F): 0.044822/0.184761, G_loss: 0.103731
Epoch: [41] [ 200/ 975] D_loss(R/F): 0.045664/0.055319, G_loss: 0.126721
Epoch: [41] [ 300/ 975] D_loss(R/F): 0.157591/0.014524, G_loss: 0.127230
Epoch: [41] [ 400/ 975] D_loss(R/F): 0.016215/0.540696, G_loss: 0.110219
Epoch: [41] [ 500/ 975] D_loss(R/F): 0.014379/0.208303, G_loss: 0.125543
Epoch: [41] [ 600/ 975] D_loss(R/F): 0.867518/0.032801, G_loss: 0.069247
Epoch: [41] [ 700/ 975] D_loss(R/F): 0.096467/0.034362, G_loss: 0.130090
Epoch: [41] [ 800/ 975] D_loss(R/F): 0.019529/0.112118, G_loss: 0.125157
Epoch: [41] [ 900/ 975] D_loss(R/F): 0.013316/0.044578, G_loss: 0.122752
[41] auc:0.9173 th:0.0217 f1:0.6923 	 best_auc:0.9217 in epoch[29]

Epoch: [42] [ 100/ 975] D_loss(R/F): 0.031800/0.001813, G_loss: 0.162263
Epoch: [42] [ 200/ 975] D_loss(R/F): 0.042058/0.022556, G_loss: 0.149861
Epoch: [42] [ 300/ 975] D_loss(R/F): 0.016060/0.039818, G_loss: 0.121672
Epoch: [42] [ 400/ 975] D_loss(R/F): 0.009589/0.001389, G_loss: 0.213846
Epoch: [42] [ 500/ 975] D_loss(R/F): 0.008619/0.010195, G_loss: 0.162787
Epoch: [42] [ 600/ 975] D_loss(R/F): 0.030975/0.002502, G_loss: 0.173076
Epoch: [42] [ 700/ 975] D_loss(R/F): 0.005627/0.010022, G_loss: 0.190623
Epoch: [42] [ 800/ 975] D_loss(R/F): 0.003666/0.016497, G_loss: 0.183166
Epoch: [42] [ 900/ 975] D_loss(R/F): 0.004985/0.011412, G_loss: 0.180270
[42] auc:0.9135 th:0.0292 f1:0.6907 	 best_auc:0.9217 in epoch[29]

Epoch: [43] [ 100/ 975] D_loss(R/F): 0.003067/0.028942, G_loss: 0.148605
Epoch: [43] [ 200/ 975] D_loss(R/F): 0.011867/0.003335, G_loss: 0.179777
Epoch: [43] [ 300/ 975] D_loss(R/F): 0.190817/0.562819, G_loss: 0.048378
Epoch: [43] [ 400/ 975] D_loss(R/F): 0.074836/0.243101, G_loss: 0.067519
Epoch: [43] [ 500/ 975] D_loss(R/F): 0.005925/0.098944, G_loss: 0.118073
Epoch: [43] [ 600/ 975] D_loss(R/F): 0.011344/0.000505, G_loss: 0.186935
Epoch: [43] [ 700/ 975] D_loss(R/F): 0.008080/0.008405, G_loss: 0.151924
Epoch: [43] [ 800/ 975] D_loss(R/F): 1.282597/0.256869, G_loss: 0.035601
Epoch: [43] [ 900/ 975] D_loss(R/F): 0.014913/0.000038, G_loss: 0.234569
[43] auc:0.9120 th:0.0317 f1:0.6914 	 best_auc:0.9217 in epoch[29]

Epoch: [44] [ 100/ 975] D_loss(R/F): 0.005516/0.004018, G_loss: 0.194085
Epoch: [44] [ 200/ 975] D_loss(R/F): 0.005532/0.005698, G_loss: 0.154003
Epoch: [44] [ 300/ 975] D_loss(R/F): 0.008573/0.006994, G_loss: 0.135037
Epoch: [44] [ 400/ 975] D_loss(R/F): 0.000902/0.007504, G_loss: 0.155184
Epoch: [44] [ 500/ 975] D_loss(R/F): 0.011599/0.004253, G_loss: 0.157167
Epoch: [44] [ 600/ 975] D_loss(R/F): 0.001646/0.015282, G_loss: 0.152967
Epoch: [44] [ 700/ 975] D_loss(R/F): 0.002030/0.000006, G_loss: 0.269092
Epoch: [44] [ 800/ 975] D_loss(R/F): 1.069042/0.152788, G_loss: 0.028416
Epoch: [44] [ 900/ 975] D_loss(R/F): 0.016917/1.633438, G_loss: 0.041499
[44] auc:0.9154 th:0.0233 f1:0.6921 	 best_auc:0.9217 in epoch[29]

Epoch: [45] [ 100/ 975] D_loss(R/F): 0.002282/0.005413, G_loss: 0.184412
Epoch: [45] [ 200/ 975] D_loss(R/F): 0.007031/0.000730, G_loss: 0.189268
Epoch: [45] [ 300/ 975] D_loss(R/F): 0.003443/0.000168, G_loss: 0.210717
Epoch: [45] [ 400/ 975] D_loss(R/F): 0.005091/0.010379, G_loss: 0.137271
Epoch: [45] [ 500/ 975] D_loss(R/F): 0.002868/0.000115, G_loss: 0.251498
Epoch: [45] [ 600/ 975] D_loss(R/F): 0.001642/0.001823, G_loss: 0.202179
Epoch: [45] [ 700/ 975] D_loss(R/F): 0.003992/0.003847, G_loss: 0.161440
Epoch: [45] [ 800/ 975] D_loss(R/F): 0.002241/0.000109, G_loss: 0.214354
Epoch: [45] [ 900/ 975] D_loss(R/F): 0.007017/0.004474, G_loss: 0.153428
[45] auc:0.9208 th:0.0267 f1:0.6933 	 best_auc:0.9217 in epoch[29]

Epoch: [46] [ 100/ 975] D_loss(R/F): 0.398670/0.138550, G_loss: 0.041183
Epoch: [46] [ 200/ 975] D_loss(R/F): 0.056002/0.407572, G_loss: 0.070005
Epoch: [46] [ 300/ 975] D_loss(R/F): 0.107566/0.018852, G_loss: 0.095082
Epoch: [46] [ 400/ 975] D_loss(R/F): 0.041452/0.029994, G_loss: 0.116529
Epoch: [46] [ 500/ 975] D_loss(R/F): 0.001804/0.001721, G_loss: 0.215035
Epoch: [46] [ 600/ 975] D_loss(R/F): 0.001558/0.006820, G_loss: 0.157514
Epoch: [46] [ 700/ 975] D_loss(R/F): 0.014873/0.000067, G_loss: 0.196684
Epoch: [46] [ 800/ 975] D_loss(R/F): 0.009908/0.000434, G_loss: 0.200478
Epoch: [46] [ 900/ 975] D_loss(R/F): 0.001050/0.010863, G_loss: 0.139949
[46] auc:0.9192 th:0.0277 f1:0.6974 	 best_auc:0.9217 in epoch[29]

Epoch: [47] [ 100/ 975] D_loss(R/F): 0.002016/0.000633, G_loss: 0.171328
Epoch: [47] [ 200/ 975] D_loss(R/F): 0.000823/0.002325, G_loss: 0.183308
Epoch: [47] [ 300/ 975] D_loss(R/F): 0.001004/0.000657, G_loss: 0.203115
Epoch: [47] [ 400/ 975] D_loss(R/F): 0.003955/0.000076, G_loss: 0.191990
Epoch: [47] [ 500/ 975] D_loss(R/F): 0.002275/0.000087, G_loss: 0.236232
Epoch: [47] [ 600/ 975] D_loss(R/F): 0.009734/0.000072, G_loss: 0.199463
Epoch: [47] [ 700/ 975] D_loss(R/F): 0.000798/0.000031, G_loss: 0.246366
Epoch: [47] [ 800/ 975] D_loss(R/F): 0.000666/0.000066, G_loss: 0.232330
Epoch: [47] [ 900/ 975] D_loss(R/F): 0.001450/0.000088, G_loss: 0.199189
[47] auc:0.9191 th:0.0250 f1:0.7000 	 best_auc:0.9217 in epoch[29]

Epoch: [48] [ 100/ 975] D_loss(R/F): 0.001600/0.000098, G_loss: 0.207302
Epoch: [48] [ 200/ 975] D_loss(R/F): 0.000461/0.000019, G_loss: 0.253001
Epoch: [48] [ 300/ 975] D_loss(R/F): 0.000429/0.000036, G_loss: 0.249527
Epoch: [48] [ 400/ 975] D_loss(R/F): 0.000728/0.000588, G_loss: 0.192715
Epoch: [48] [ 500/ 975] D_loss(R/F): 0.925131/0.043402, G_loss: 0.047218
Epoch: [48] [ 600/ 975] D_loss(R/F): 0.040262/0.036470, G_loss: 0.114206
Epoch: [48] [ 700/ 975] D_loss(R/F): 0.004595/0.070684, G_loss: 0.128530
Epoch: [48] [ 800/ 975] D_loss(R/F): 0.003267/0.006107, G_loss: 0.152745
Epoch: [48] [ 900/ 975] D_loss(R/F): 0.001771/0.000646, G_loss: 0.204194
[48] auc:0.9048 th:0.0353 f1:0.6805 	 best_auc:0.9217 in epoch[29]

Epoch: [49] [ 100/ 975] D_loss(R/F): 0.001506/0.000255, G_loss: 0.205849
Epoch: [49] [ 200/ 975] D_loss(R/F): 0.001420/0.006573, G_loss: 0.157146
Epoch: [49] [ 300/ 975] D_loss(R/F): 0.000823/0.000078, G_loss: 0.208103
Epoch: [49] [ 400/ 975] D_loss(R/F): 0.001572/0.000623, G_loss: 0.166743
Epoch: [49] [ 500/ 975] D_loss(R/F): 0.000352/0.008593, G_loss: 0.137692
Epoch: [49] [ 600/ 975] D_loss(R/F): 0.017639/0.000148, G_loss: 0.152961
Epoch: [49] [ 700/ 975] D_loss(R/F): 0.000589/0.001084, G_loss: 0.202360
Epoch: [49] [ 800/ 975] D_loss(R/F): 0.001085/0.001322, G_loss: 0.161436
Epoch: [49] [ 900/ 975] D_loss(R/F): 0.000804/0.007456, G_loss: 0.165081
[49] auc:0.9115 th:0.0259 f1:0.6846 	 best_auc:0.9217 in epoch[29]

Epoch: [50] [ 100/ 975] D_loss(R/F): 0.005258/0.002630, G_loss: 0.176355
Epoch: [50] [ 200/ 975] D_loss(R/F): 0.000897/0.000398, G_loss: 0.198184
Epoch: [50] [ 300/ 975] D_loss(R/F): 0.000976/0.003366, G_loss: 0.152221
Epoch: [50] [ 400/ 975] D_loss(R/F): 0.000644/0.000201, G_loss: 0.198294
Epoch: [50] [ 500/ 975] D_loss(R/F): 0.001518/0.000004, G_loss: 0.236479
Epoch: [50] [ 600/ 975] D_loss(R/F): 0.000233/0.001907, G_loss: 0.167530
Epoch: [50] [ 700/ 975] D_loss(R/F): 0.000576/0.000193, G_loss: 0.205132
Epoch: [50] [ 800/ 975] D_loss(R/F): 0.000124/0.000382, G_loss: 0.203242
Epoch: [50] [ 900/ 975] D_loss(R/F): 0.155079/0.765077, G_loss: 0.022654
[50] auc:0.9173 th:0.0276 f1:0.6899 	 best_auc:0.9217 in epoch[29]

Epoch: [51] [ 100/ 975] D_loss(R/F): 0.778005/0.111657, G_loss: 0.044160
Epoch: [51] [ 200/ 975] D_loss(R/F): 0.316970/0.146255, G_loss: 0.052868
Epoch: [51] [ 300/ 975] D_loss(R/F): 1.107651/0.031975, G_loss: 0.053934
Epoch: [51] [ 400/ 975] D_loss(R/F): 0.071012/0.123292, G_loss: 0.080072
Epoch: [51] [ 500/ 975] D_loss(R/F): 0.003413/0.066991, G_loss: 0.109649
Epoch: [51] [ 600/ 975] D_loss(R/F): 0.008796/0.013318, G_loss: 0.143509
Epoch: [51] [ 700/ 975] D_loss(R/F): 0.000579/0.048100, G_loss: 0.134213
Epoch: [51] [ 800/ 975] D_loss(R/F): 0.001639/0.000987, G_loss: 0.187952
Epoch: [51] [ 900/ 975] D_loss(R/F): 0.008993/0.003365, G_loss: 0.152292
[51] auc:0.9187 th:0.0280 f1:0.6851 	 best_auc:0.9217 in epoch[29]

Epoch: [52] [ 100/ 975] D_loss(R/F): 0.005358/0.006024, G_loss: 0.132383
Epoch: [52] [ 200/ 975] D_loss(R/F): 0.003968/0.000013, G_loss: 0.237392
Epoch: [52] [ 300/ 975] D_loss(R/F): 0.008344/0.000012, G_loss: 0.223722
Epoch: [52] [ 400/ 975] D_loss(R/F): 0.001032/0.000426, G_loss: 0.192273
Epoch: [52] [ 500/ 975] D_loss(R/F): 0.001052/0.000006, G_loss: 0.243498
Epoch: [52] [ 600/ 975] D_loss(R/F): 0.000443/0.002095, G_loss: 0.158822
Epoch: [52] [ 700/ 975] D_loss(R/F): 0.000435/0.000523, G_loss: 0.169174
Epoch: [52] [ 800/ 975] D_loss(R/F): 0.001250/0.005424, G_loss: 0.150463
Epoch: [52] [ 900/ 975] D_loss(R/F): 0.000775/0.000695, G_loss: 0.165441
[52] auc:0.9156 th:0.0320 f1:0.6858 	 best_auc:0.9217 in epoch[29]

Epoch: [53] [ 100/ 975] D_loss(R/F): 0.000288/0.000039, G_loss: 0.209130
Epoch: [53] [ 200/ 975] D_loss(R/F): 0.001040/0.000019, G_loss: 0.204877
Epoch: [53] [ 300/ 975] D_loss(R/F): 0.000269/0.000111, G_loss: 0.194818
Epoch: [53] [ 400/ 975] D_loss(R/F): 0.002070/0.000005, G_loss: 0.242306
Epoch: [53] [ 500/ 975] D_loss(R/F): 0.000191/0.000058, G_loss: 0.218759
Epoch: [53] [ 600/ 975] D_loss(R/F): 0.002994/0.000026, G_loss: 0.183339
Epoch: [53] [ 700/ 975] D_loss(R/F): 0.000147/0.000012, G_loss: 0.242514
Epoch: [53] [ 800/ 975] D_loss(R/F): 0.000222/0.000116, G_loss: 0.225440
Epoch: [53] [ 900/ 975] D_loss(R/F): 0.000698/0.000016, G_loss: 0.217390
[53] auc:0.9165 th:0.0294 f1:0.6826 	 best_auc:0.9217 in epoch[29]

Epoch: [54] [ 100/ 975] D_loss(R/F): 0.845348/0.271472, G_loss: 0.018403
Epoch: [54] [ 200/ 975] D_loss(R/F): 0.353520/0.197879, G_loss: 0.037840
Epoch: [54] [ 300/ 975] D_loss(R/F): 0.040975/0.718131, G_loss: 0.055283
Epoch: [54] [ 400/ 975] D_loss(R/F): 0.157313/0.170428, G_loss: 0.062707
Epoch: [54] [ 500/ 975] D_loss(R/F): 0.015184/0.444099, G_loss: 0.084547
Epoch: [54] [ 600/ 975] D_loss(R/F): 0.005783/0.043841, G_loss: 0.109513
Epoch: [54] [ 700/ 975] D_loss(R/F): 0.017832/0.003151, G_loss: 0.145628
Epoch: [54] [ 800/ 975] D_loss(R/F): 0.003383/0.001032, G_loss: 0.199296
Epoch: [54] [ 900/ 975] D_loss(R/F): 0.001690/0.003893, G_loss: 0.180410
[54] auc:0.9098 th:0.0333 f1:0.6753 	 best_auc:0.9217 in epoch[29]

Epoch: [55] [ 100/ 975] D_loss(R/F): 0.005469/0.000518, G_loss: 0.160068
Epoch: [55] [ 200/ 975] D_loss(R/F): 0.000939/0.000077, G_loss: 0.207389
Epoch: [55] [ 300/ 975] D_loss(R/F): 0.006457/0.000056, G_loss: 0.198470
Epoch: [55] [ 400/ 975] D_loss(R/F): 0.000814/0.000178, G_loss: 0.204802
Epoch: [55] [ 500/ 975] D_loss(R/F): 0.004911/0.000074, G_loss: 0.190113
Epoch: [55] [ 600/ 975] D_loss(R/F): 0.000080/0.029662, G_loss: 0.151091
Epoch: [55] [ 700/ 975] D_loss(R/F): 0.000444/0.001751, G_loss: 0.164363
Epoch: [55] [ 800/ 975] D_loss(R/F): 0.000904/0.005543, G_loss: 0.144696
Epoch: [55] [ 900/ 975] D_loss(R/F): 0.003761/0.000138, G_loss: 0.195058
[55] auc:0.9132 th:0.0278 f1:0.6914 	 best_auc:0.9217 in epoch[29]

Epoch: [56] [ 100/ 975] D_loss(R/F): 0.321690/0.125615, G_loss: 0.051240
Epoch: [56] [ 200/ 975] D_loss(R/F): 0.054729/0.000564, G_loss: 0.147122
Epoch: [56] [ 300/ 975] D_loss(R/F): 0.002592/0.001427, G_loss: 0.154904
Epoch: [56] [ 400/ 975] D_loss(R/F): 0.001950/0.000748, G_loss: 0.168115
Epoch: [56] [ 500/ 975] D_loss(R/F): 0.002235/0.000383, G_loss: 0.159135
Epoch: [56] [ 600/ 975] D_loss(R/F): 0.001439/0.002683, G_loss: 0.149572
Epoch: [56] [ 700/ 975] D_loss(R/F): 0.002204/0.000168, G_loss: 0.220389
Epoch: [56] [ 800/ 975] D_loss(R/F): 0.001047/0.001128, G_loss: 0.187705
Epoch: [56] [ 900/ 975] D_loss(R/F): 0.000826/0.000283, G_loss: 0.192004
[56] auc:0.9171 th:0.0275 f1:0.6938 	 best_auc:0.9217 in epoch[29]

Epoch: [57] [ 100/ 975] D_loss(R/F): 0.000270/0.002161, G_loss: 0.197906
Epoch: [57] [ 200/ 975] D_loss(R/F): 0.000095/0.004924, G_loss: 0.197520
Epoch: [57] [ 300/ 975] D_loss(R/F): 0.000312/0.003041, G_loss: 0.173112
Epoch: [57] [ 400/ 975] D_loss(R/F): 0.000226/0.000039, G_loss: 0.224584
Epoch: [57] [ 500/ 975] D_loss(R/F): 0.000150/0.016263, G_loss: 0.149726
Epoch: [57] [ 600/ 975] D_loss(R/F): 0.000650/0.000042, G_loss: 0.208336
Epoch: [57] [ 700/ 975] D_loss(R/F): 0.000087/0.000174, G_loss: 0.195379
Epoch: [57] [ 800/ 975] D_loss(R/F): 0.000948/0.000101, G_loss: 0.199636
Epoch: [57] [ 900/ 975] D_loss(R/F): 0.787059/0.168167, G_loss: 0.024501
[57] auc:0.9149 th:0.0335 f1:0.6895 	 best_auc:0.9217 in epoch[29]

Epoch: [58] [ 100/ 975] D_loss(R/F): 0.006340/0.122999, G_loss: 0.105277
Epoch: [58] [ 200/ 975] D_loss(R/F): 0.009129/0.045572, G_loss: 0.112048
Epoch: [58] [ 300/ 975] D_loss(R/F): 0.022929/0.000270, G_loss: 0.180200
Epoch: [58] [ 400/ 975] D_loss(R/F): 0.001558/0.006382, G_loss: 0.152795
Epoch: [58] [ 500/ 975] D_loss(R/F): 0.004916/0.000051, G_loss: 0.184383
Epoch: [58] [ 600/ 975] D_loss(R/F): 0.001577/0.000644, G_loss: 0.164111
Epoch: [58] [ 700/ 975] D_loss(R/F): 0.001113/0.045131, G_loss: 0.143769
Epoch: [58] [ 800/ 975] D_loss(R/F): 0.001528/0.000384, G_loss: 0.189798
Epoch: [58] [ 900/ 975] D_loss(R/F): 0.003426/0.000246, G_loss: 0.168212
[58] auc:0.9102 th:0.0331 f1:0.6719 	 best_auc:0.9217 in epoch[29]

Epoch: [59] [ 100/ 975] D_loss(R/F): 0.001594/0.002755, G_loss: 0.152834
Epoch: [59] [ 200/ 975] D_loss(R/F): 0.000547/0.000119, G_loss: 0.187845
Epoch: [59] [ 300/ 975] D_loss(R/F): 0.000940/0.000597, G_loss: 0.156934
Epoch: [59] [ 400/ 975] D_loss(R/F): 0.000185/0.001895, G_loss: 0.184716
Epoch: [59] [ 500/ 975] D_loss(R/F): 0.000235/0.000031, G_loss: 0.201681
Epoch: [59] [ 600/ 975] D_loss(R/F): 0.495639/0.184951, G_loss: 0.042469
Epoch: [59] [ 700/ 975] D_loss(R/F): 0.376309/0.100467, G_loss: 0.054760
Epoch: [59] [ 800/ 975] D_loss(R/F): 0.028304/0.053466, G_loss: 0.086698
Epoch: [59] [ 900/ 975] D_loss(R/F): 0.021234/0.000110, G_loss: 0.178284
[59] auc:0.9023 th:0.0362 f1:0.6760 	 best_auc:0.9217 in epoch[29]

Epoch: [60] [ 100/ 975] D_loss(R/F): 0.002143/0.002699, G_loss: 0.149178
Epoch: [60] [ 200/ 975] D_loss(R/F): 0.000635/0.001394, G_loss: 0.181363
Epoch: [60] [ 300/ 975] D_loss(R/F): 0.001654/0.000113, G_loss: 0.162679
Epoch: [60] [ 400/ 975] D_loss(R/F): 0.000915/0.000395, G_loss: 0.186041
Epoch: [60] [ 500/ 975] D_loss(R/F): 0.000418/0.007676, G_loss: 0.154362
Epoch: [60] [ 600/ 975] D_loss(R/F): 0.000525/0.003250, G_loss: 0.142234
Epoch: [60] [ 700/ 975] D_loss(R/F): 0.001638/0.000937, G_loss: 0.163913
Epoch: [60] [ 800/ 975] D_loss(R/F): 0.000528/0.000949, G_loss: 0.155845
Epoch: [60] [ 900/ 975] D_loss(R/F): 0.000314/0.000071, G_loss: 0.204674
[60] auc:0.9119 th:0.0298 f1:0.6843 	 best_auc:0.9217 in epoch[29]

Epoch: [61] [ 100/ 975] D_loss(R/F): 0.000080/0.000990, G_loss: 0.195489
Epoch: [61] [ 200/ 975] D_loss(R/F): 0.000325/0.001004, G_loss: 0.161626
Epoch: [61] [ 300/ 975] D_loss(R/F): 0.000171/0.000124, G_loss: 0.188202
Epoch: [61] [ 400/ 975] D_loss(R/F): 0.000350/0.003112, G_loss: 0.141559
Epoch: [61] [ 500/ 975] D_loss(R/F): 0.000529/0.003813, G_loss: 0.153179
Epoch: [61] [ 600/ 975] D_loss(R/F): 0.002577/0.000021, G_loss: 0.183999
Epoch: [61] [ 700/ 975] D_loss(R/F): 0.006908/0.000333, G_loss: 0.163061
Epoch: [61] [ 800/ 975] D_loss(R/F): 0.000542/0.000949, G_loss: 0.139480
Epoch: [61] [ 900/ 975] D_loss(R/F): 0.098997/0.849748, G_loss: 0.037641
[61] auc:0.9090 th:0.0332 f1:0.6860 	 best_auc:0.9217 in epoch[29]

Epoch: [62] [ 100/ 975] D_loss(R/F): 0.009944/0.001667, G_loss: 0.160843
Epoch: [62] [ 200/ 975] D_loss(R/F): 0.069839/0.244937, G_loss: 0.056543
Epoch: [62] [ 300/ 975] D_loss(R/F): 0.006418/0.028431, G_loss: 0.110688
Epoch: [62] [ 400/ 975] D_loss(R/F): 0.006344/0.009919, G_loss: 0.128474
Epoch: [62] [ 500/ 975] D_loss(R/F): 0.005516/0.000975, G_loss: 0.154522
Epoch: [62] [ 600/ 975] D_loss(R/F): 0.001657/0.003192, G_loss: 0.150981
Epoch: [62] [ 700/ 975] D_loss(R/F): 0.000301/0.000585, G_loss: 0.206034
Epoch: [62] [ 800/ 975] D_loss(R/F): 0.000772/0.000315, G_loss: 0.170690
Epoch: [62] [ 900/ 975] D_loss(R/F): 0.003477/0.000302, G_loss: 0.155450
[62] auc:0.9052 th:0.0381 f1:0.6740 	 best_auc:0.9217 in epoch[29]

Epoch: [63] [ 100/ 975] D_loss(R/F): 0.001320/0.000055, G_loss: 0.173713
Epoch: [63] [ 200/ 975] D_loss(R/F): 0.000696/0.000109, G_loss: 0.177191
Epoch: [63] [ 300/ 975] D_loss(R/F): 0.000254/0.000639, G_loss: 0.178537
Epoch: [63] [ 400/ 975] D_loss(R/F): 0.000347/0.003416, G_loss: 0.161557
Epoch: [63] [ 500/ 975] D_loss(R/F): 0.002862/0.000064, G_loss: 0.165617
Epoch: [63] [ 600/ 975] D_loss(R/F): 0.000100/0.014948, G_loss: 0.147804
Epoch: [63] [ 700/ 975] D_loss(R/F): 0.000699/0.000041, G_loss: 0.192472
Epoch: [63] [ 800/ 975] D_loss(R/F): 0.000231/0.000039, G_loss: 0.232575
Epoch: [63] [ 900/ 975] D_loss(R/F): 0.001453/0.000006, G_loss: 0.239400
[63] auc:0.9116 th:0.0295 f1:0.6874 	 best_auc:0.9217 in epoch[29]

Epoch: [64] [ 100/ 975] D_loss(R/F): 0.000091/0.000048, G_loss: 0.204531
Epoch: [64] [ 200/ 975] D_loss(R/F): 0.000125/0.000504, G_loss: 0.170712
Epoch: [64] [ 300/ 975] D_loss(R/F): 0.000129/0.002008, G_loss: 0.147930
Epoch: [64] [ 400/ 975] D_loss(R/F): 0.000195/0.000157, G_loss: 0.179171
Epoch: [64] [ 500/ 975] D_loss(R/F): 0.000594/0.000170, G_loss: 0.171426
Epoch: [64] [ 600/ 975] D_loss(R/F): 0.000248/0.000842, G_loss: 0.153776
Epoch: [64] [ 700/ 975] D_loss(R/F): 0.000210/0.000237, G_loss: 0.171455
Epoch: [64] [ 800/ 975] D_loss(R/F): 0.000023/0.000962, G_loss: 0.175375
Epoch: [64] [ 900/ 975] D_loss(R/F): 0.000139/0.000151, G_loss: 0.180306
[64] auc:0.9103 th:0.0293 f1:0.6770 	 best_auc:0.9217 in epoch[29]

Epoch: [65] [ 100/ 975] D_loss(R/F): 0.000163/0.000041, G_loss: 0.195261
Epoch: [65] [ 200/ 975] D_loss(R/F): 0.692631/0.040579, G_loss: 0.046966
Epoch: [65] [ 300/ 975] D_loss(R/F): 0.056707/0.752423, G_loss: 0.048602
Epoch: [65] [ 400/ 975] D_loss(R/F): 0.003176/0.011152, G_loss: 0.119039
Epoch: [65] [ 500/ 975] D_loss(R/F): 0.005637/0.001238, G_loss: 0.137633
Epoch: [65] [ 600/ 975] D_loss(R/F): 0.001332/0.007373, G_loss: 0.145516
Epoch: [65] [ 700/ 975] D_loss(R/F): 0.000620/0.000085, G_loss: 0.192349
Epoch: [65] [ 800/ 975] D_loss(R/F): 0.000443/0.003561, G_loss: 0.157819
Epoch: [65] [ 900/ 975] D_loss(R/F): 0.000086/0.005875, G_loss: 0.152163
[65] auc:0.8984 th:0.0335 f1:0.6772 	 best_auc:0.9217 in epoch[29]

Epoch: [66] [ 100/ 975] D_loss(R/F): 0.000642/0.000633, G_loss: 0.155003
Epoch: [66] [ 200/ 975] D_loss(R/F): 0.000332/0.002443, G_loss: 0.156041
Epoch: [66] [ 300/ 975] D_loss(R/F): 0.001190/0.000107, G_loss: 0.162875
Epoch: [66] [ 400/ 975] D_loss(R/F): 0.000108/0.000563, G_loss: 0.165892
Epoch: [66] [ 500/ 975] D_loss(R/F): 0.000427/0.002762, G_loss: 0.155052
Epoch: [66] [ 600/ 975] D_loss(R/F): 0.000204/0.001612, G_loss: 0.149721
Epoch: [66] [ 700/ 975] D_loss(R/F): 0.000555/0.000010, G_loss: 0.195585
Epoch: [66] [ 800/ 975] D_loss(R/F): 0.000588/0.005193, G_loss: 0.151278
Epoch: [66] [ 900/ 975] D_loss(R/F): 0.001501/0.000172, G_loss: 0.170003
[66] auc:0.9039 th:0.0240 f1:0.6779 	 best_auc:0.9217 in epoch[29]

Epoch: [67] [ 100/ 975] D_loss(R/F): 0.000163/0.000006, G_loss: 0.251897
Epoch: [67] [ 200/ 975] D_loss(R/F): 0.000254/0.000165, G_loss: 0.172441
Epoch: [67] [ 300/ 975] D_loss(R/F): 0.000074/0.000156, G_loss: 0.195671
Epoch: [67] [ 400/ 975] D_loss(R/F): 0.000129/0.000173, G_loss: 0.186873
Epoch: [67] [ 500/ 975] D_loss(R/F): 0.000066/0.000056, G_loss: 0.206594
Epoch: [67] [ 600/ 975] D_loss(R/F): 0.000071/0.000549, G_loss: 0.191046
Epoch: [67] [ 700/ 975] D_loss(R/F): 0.000708/0.000065, G_loss: 0.158790
Epoch: [67] [ 800/ 975] D_loss(R/F): 0.000306/0.000548, G_loss: 0.169060
Epoch: [67] [ 900/ 975] D_loss(R/F): 0.000167/0.000006, G_loss: 0.217247
[67] auc:0.9108 th:0.0308 f1:0.6843 	 best_auc:0.9217 in epoch[29]

Epoch: [68] [ 100/ 975] D_loss(R/F): 0.000106/0.002106, G_loss: 0.165014
Epoch: [68] [ 200/ 975] D_loss(R/F): 0.000065/0.000788, G_loss: 0.172990
Epoch: [68] [ 300/ 975] D_loss(R/F): 0.000708/0.000009, G_loss: 0.187093
Epoch: [68] [ 400/ 975] D_loss(R/F): 0.000298/0.000069, G_loss: 0.203436
Epoch: [68] [ 500/ 975] D_loss(R/F): 0.000437/0.000114, G_loss: 0.164700
Epoch: [68] [ 600/ 975] D_loss(R/F): 0.683707/0.330341, G_loss: 0.023500
Epoch: [68] [ 700/ 975] D_loss(R/F): 0.307193/0.251863, G_loss: 0.046456
Epoch: [68] [ 800/ 975] D_loss(R/F): 0.180856/0.350810, G_loss: 0.046076
Epoch: [68] [ 900/ 975] D_loss(R/F): 0.057808/0.080538, G_loss: 0.074412
[68] auc:0.9035 th:0.0282 f1:0.6792 	 best_auc:0.9217 in epoch[29]

Epoch: [69] [ 100/ 975] D_loss(R/F): 0.008889/0.003964, G_loss: 0.107532
Epoch: [69] [ 200/ 975] D_loss(R/F): 0.003053/0.001898, G_loss: 0.157272
Epoch: [69] [ 300/ 975] D_loss(R/F): 0.001903/0.001596, G_loss: 0.145295
Epoch: [69] [ 400/ 975] D_loss(R/F): 0.000419/0.000726, G_loss: 0.157333
Epoch: [69] [ 500/ 975] D_loss(R/F): 0.013276/0.000011, G_loss: 0.190247
Epoch: [69] [ 600/ 975] D_loss(R/F): 0.000673/0.006024, G_loss: 0.150559
Epoch: [69] [ 700/ 975] D_loss(R/F): 0.000760/0.000472, G_loss: 0.148991
Epoch: [69] [ 800/ 975] D_loss(R/F): 0.000624/0.000784, G_loss: 0.169012
Epoch: [69] [ 900/ 975] D_loss(R/F): 0.000140/0.000706, G_loss: 0.166331
[69] auc:0.9006 th:0.0238 f1:0.6783 	 best_auc:0.9217 in epoch[29]

Epoch: [70] [ 100/ 975] D_loss(R/F): 0.000097/0.000838, G_loss: 0.172744
Epoch: [70] [ 200/ 975] D_loss(R/F): 0.002204/0.000227, G_loss: 0.143725
Epoch: [70] [ 300/ 975] D_loss(R/F): 0.000121/0.006668, G_loss: 0.135472
Epoch: [70] [ 400/ 975] D_loss(R/F): 0.000508/0.000066, G_loss: 0.209549
Epoch: [70] [ 500/ 975] D_loss(R/F): 0.000348/0.000018, G_loss: 0.211436
Epoch: [70] [ 600/ 975] D_loss(R/F): 0.000111/0.003199, G_loss: 0.157079
Epoch: [70] [ 700/ 975] D_loss(R/F): 0.000307/0.000041, G_loss: 0.175388
Epoch: [70] [ 800/ 975] D_loss(R/F): 0.000113/0.000191, G_loss: 0.160972
Epoch: [70] [ 900/ 975] D_loss(R/F): 0.000510/0.001308, G_loss: 0.171698
[70] auc:0.9016 th:0.0309 f1:0.6769 	 best_auc:0.9217 in epoch[29]

Epoch: [71] [ 100/ 975] D_loss(R/F): 1.041577/0.072949, G_loss: 0.027017
Epoch: [71] [ 200/ 975] D_loss(R/F): 0.089667/0.364450, G_loss: 0.054017
Epoch: [71] [ 300/ 975] D_loss(R/F): 0.013439/0.294041, G_loss: 0.076805
Epoch: [71] [ 400/ 975] D_loss(R/F): 0.016909/0.002588, G_loss: 0.123128
Epoch: [71] [ 500/ 975] D_loss(R/F): 0.006943/0.002146, G_loss: 0.141619
Epoch: [71] [ 600/ 975] D_loss(R/F): 0.000485/0.021736, G_loss: 0.134457
Epoch: [71] [ 700/ 975] D_loss(R/F): 0.001496/0.011382, G_loss: 0.134085
Epoch: [71] [ 800/ 975] D_loss(R/F): 0.000619/0.000661, G_loss: 0.172926
Epoch: [71] [ 900/ 975] D_loss(R/F): 0.000597/0.000925, G_loss: 0.183949
[71] auc:0.8999 th:0.0231 f1:0.6752 	 best_auc:0.9217 in epoch[29]

Epoch: [72] [ 100/ 975] D_loss(R/F): 0.001823/0.000403, G_loss: 0.142980
Epoch: [72] [ 200/ 975] D_loss(R/F): 0.000635/0.001930, G_loss: 0.150505
Epoch: [72] [ 300/ 975] D_loss(R/F): 0.000599/0.000112, G_loss: 0.148006
Epoch: [72] [ 400/ 975] D_loss(R/F): 0.000142/0.003981, G_loss: 0.143178
Epoch: [72] [ 500/ 975] D_loss(R/F): 0.000313/0.000028, G_loss: 0.215278
Epoch: [72] [ 600/ 975] D_loss(R/F): 0.000140/0.000200, G_loss: 0.173861
Epoch: [72] [ 700/ 975] D_loss(R/F): 0.000124/0.000346, G_loss: 0.171058
Epoch: [72] [ 800/ 975] D_loss(R/F): 0.000070/0.000369, G_loss: 0.170675
Epoch: [72] [ 900/ 975] D_loss(R/F): 0.000211/0.000002, G_loss: 0.242419
[72] auc:0.8981 th:0.0328 f1:0.6724 	 best_auc:0.9217 in epoch[29]

Epoch: [73] [ 100/ 975] D_loss(R/F): 0.000107/0.000897, G_loss: 0.172779
Epoch: [73] [ 200/ 975] D_loss(R/F): 0.000149/0.001844, G_loss: 0.177307
Epoch: [73] [ 300/ 975] D_loss(R/F): 0.000249/0.000159, G_loss: 0.162544
Epoch: [73] [ 400/ 975] D_loss(R/F): 0.001680/0.000007, G_loss: 0.171128
Epoch: [73] [ 500/ 975] D_loss(R/F): 0.338714/0.269559, G_loss: 0.048708
Epoch: [73] [ 600/ 975] D_loss(R/F): 0.267501/0.132675, G_loss: 0.050666
Epoch: [73] [ 700/ 975] D_loss(R/F): 0.035375/0.213827, G_loss: 0.066827
Epoch: [73] [ 800/ 975] D_loss(R/F): 0.119018/0.030985, G_loss: 0.070027
Epoch: [73] [ 900/ 975] D_loss(R/F): 0.021507/0.001040, G_loss: 0.115988
[73] auc:0.8959 th:0.0296 f1:0.6817 	 best_auc:0.9217 in epoch[29]

Epoch: [74] [ 100/ 975] D_loss(R/F): 0.000256/0.028947, G_loss: 0.142843
Epoch: [74] [ 200/ 975] D_loss(R/F): 0.001691/0.000269, G_loss: 0.170347
Epoch: [74] [ 300/ 975] D_loss(R/F): 0.001431/0.000222, G_loss: 0.152878
Epoch: [74] [ 400/ 975] D_loss(R/F): 0.001586/0.000538, G_loss: 0.148991
Epoch: [74] [ 500/ 975] D_loss(R/F): 0.000989/0.002285, G_loss: 0.150517
Epoch: [74] [ 600/ 975] D_loss(R/F): 0.000235/0.001783, G_loss: 0.162531
Epoch: [74] [ 700/ 975] D_loss(R/F): 0.000545/0.000703, G_loss: 0.163865
Epoch: [74] [ 800/ 975] D_loss(R/F): 0.000612/0.000131, G_loss: 0.163367
Epoch: [74] [ 900/ 975] D_loss(R/F): 0.000225/0.000064, G_loss: 0.180465
[74] auc:0.9001 th:0.0293 f1:0.6819 	 best_auc:0.9217 in epoch[29]

Epoch: [75] [ 100/ 975] D_loss(R/F): 0.000388/0.000267, G_loss: 0.177366
Epoch: [75] [ 200/ 975] D_loss(R/F): 0.000380/0.000019, G_loss: 0.205703
Epoch: [75] [ 300/ 975] D_loss(R/F): 0.000155/0.000038, G_loss: 0.194430
Epoch: [75] [ 400/ 975] D_loss(R/F): 0.000140/0.000052, G_loss: 0.194078
Epoch: [75] [ 500/ 975] D_loss(R/F): 0.000200/0.000595, G_loss: 0.161126
Epoch: [75] [ 600/ 975] D_loss(R/F): 0.002134/0.000004, G_loss: 0.180274
Epoch: [75] [ 700/ 975] D_loss(R/F): 0.000218/0.000354, G_loss: 0.164887
Epoch: [75] [ 800/ 975] D_loss(R/F): 0.000997/0.000010, G_loss: 0.179650
Epoch: [75] [ 900/ 975] D_loss(R/F): 0.000601/0.000130, G_loss: 0.170908
[75] auc:0.8939 th:0.0289 f1:0.6749 	 best_auc:0.9217 in epoch[29]

Epoch: [76] [ 100/ 975] D_loss(R/F): 0.000149/0.000039, G_loss: 0.172204
Epoch: [76] [ 200/ 975] D_loss(R/F): 0.001050/0.000148, G_loss: 0.163565
Epoch: [76] [ 300/ 975] D_loss(R/F): 0.000348/0.000055, G_loss: 0.183029
Epoch: [76] [ 400/ 975] D_loss(R/F): 0.000183/0.000002, G_loss: 0.207493
Epoch: [76] [ 500/ 975] D_loss(R/F): 0.000227/0.002496, G_loss: 0.138537
Epoch: [76] [ 600/ 975] D_loss(R/F): 0.000119/0.000308, G_loss: 0.149961
Epoch: [76] [ 700/ 975] D_loss(R/F): 0.000988/0.000032, G_loss: 0.178607
Epoch: [76] [ 800/ 975] D_loss(R/F): 0.000225/0.000004, G_loss: 0.230136
Epoch: [76] [ 900/ 975] D_loss(R/F): 0.001718/0.000002, G_loss: 0.192597
[76] auc:0.8969 th:0.0316 f1:0.6819 	 best_auc:0.9217 in epoch[29]

Epoch: [77] [ 100/ 975] D_loss(R/F): 0.000030/0.000617, G_loss: 0.162022
Epoch: [77] [ 200/ 975] D_loss(R/F): 0.000026/0.000045, G_loss: 0.197057
Epoch: [77] [ 300/ 975] D_loss(R/F): 0.000180/0.000013, G_loss: 0.186188
Epoch: [77] [ 400/ 975] D_loss(R/F): 0.000302/0.000092, G_loss: 0.195395
Epoch: [77] [ 500/ 975] D_loss(R/F): 0.000106/0.000001, G_loss: 0.209396
Epoch: [77] [ 600/ 975] D_loss(R/F): 0.000074/0.000082, G_loss: 0.170458
Epoch: [77] [ 700/ 975] D_loss(R/F): 0.000030/0.000034, G_loss: 0.217729
Epoch: [77] [ 800/ 975] D_loss(R/F): 0.470236/0.212507, G_loss: 0.037702
Epoch: [77] [ 900/ 975] D_loss(R/F): 0.468561/0.215097, G_loss: 0.038574
[77] auc:0.9069 th:0.0310 f1:0.6883 	 best_auc:0.9217 in epoch[29]

Epoch: [78] [ 100/ 975] D_loss(R/F): 0.079869/0.109292, G_loss: 0.067016
Epoch: [78] [ 200/ 975] D_loss(R/F): 0.306782/0.087566, G_loss: 0.058371
Epoch: [78] [ 300/ 975] D_loss(R/F): 0.659771/0.013021, G_loss: 0.068369
Epoch: [78] [ 400/ 975] D_loss(R/F): 0.004559/0.134979, G_loss: 0.079573
Epoch: [78] [ 500/ 975] D_loss(R/F): 0.003364/0.010187, G_loss: 0.135389
Epoch: [78] [ 600/ 975] D_loss(R/F): 0.000401/0.007416, G_loss: 0.148599
Epoch: [78] [ 700/ 975] D_loss(R/F): 0.000752/0.005253, G_loss: 0.120866
Epoch: [78] [ 800/ 975] D_loss(R/F): 0.000185/0.000062, G_loss: 0.203700
Epoch: [78] [ 900/ 975] D_loss(R/F): 0.000615/0.000017, G_loss: 0.202773
[78] auc:0.8966 th:0.0317 f1:0.6773 	 best_auc:0.9217 in epoch[29]

Epoch: [79] [ 100/ 975] D_loss(R/F): 0.000839/0.000128, G_loss: 0.173670
Epoch: [79] [ 200/ 975] D_loss(R/F): 0.000497/0.005194, G_loss: 0.139039
Epoch: [79] [ 300/ 975] D_loss(R/F): 0.000222/0.000243, G_loss: 0.190014
Epoch: [79] [ 400/ 975] D_loss(R/F): 0.000316/0.000017, G_loss: 0.216781
Epoch: [79] [ 500/ 975] D_loss(R/F): 0.003235/0.000050, G_loss: 0.162122
Epoch: [79] [ 600/ 975] D_loss(R/F): 0.000834/0.000419, G_loss: 0.158192
Epoch: [79] [ 700/ 975] D_loss(R/F): 0.001049/0.001662, G_loss: 0.150443
Epoch: [79] [ 800/ 975] D_loss(R/F): 0.000095/0.001233, G_loss: 0.157212
Epoch: [79] [ 900/ 975] D_loss(R/F): 0.000126/0.000030, G_loss: 0.189785
[79] auc:0.8988 th:0.0292 f1:0.6800 	 best_auc:0.9217 in epoch[29]

Epoch: [80] [ 100/ 975] D_loss(R/F): 0.000647/0.000021, G_loss: 0.190722
Epoch: [80] [ 200/ 975] D_loss(R/F): 0.000283/0.000156, G_loss: 0.174374
Epoch: [80] [ 300/ 975] D_loss(R/F): 0.000207/0.000001, G_loss: 0.212927
Epoch: [80] [ 400/ 975] D_loss(R/F): 0.000166/0.000706, G_loss: 0.156463
Epoch: [80] [ 500/ 975] D_loss(R/F): 0.000286/0.000097, G_loss: 0.169124
Epoch: [80] [ 600/ 975] D_loss(R/F): 0.000548/0.000001, G_loss: 0.196367
Epoch: [80] [ 700/ 975] D_loss(R/F): 0.000189/0.004077, G_loss: 0.136228
Epoch: [80] [ 800/ 975] D_loss(R/F): 0.000053/0.000125, G_loss: 0.174503
Epoch: [80] [ 900/ 975] D_loss(R/F): 0.000044/0.001671, G_loss: 0.165234
[80] auc:0.8936 th:0.0299 f1:0.6738 	 best_auc:0.9217 in epoch[29]

Epoch: [81] [ 100/ 975] D_loss(R/F): 0.000145/0.000014, G_loss: 0.171303
Epoch: [81] [ 200/ 975] D_loss(R/F): 0.000201/0.000073, G_loss: 0.169913
Epoch: [81] [ 300/ 975] D_loss(R/F): 0.000086/0.000229, G_loss: 0.172255
Epoch: [81] [ 400/ 975] D_loss(R/F): 0.337680/0.163645, G_loss: 0.037205
Epoch: [81] [ 500/ 975] D_loss(R/F): 0.168936/0.177526, G_loss: 0.057025
Epoch: [81] [ 600/ 975] D_loss(R/F): 0.024475/0.000434, G_loss: 0.128304
Epoch: [81] [ 700/ 975] D_loss(R/F): 0.001500/0.019775, G_loss: 0.161289
Epoch: [81] [ 800/ 975] D_loss(R/F): 0.000819/0.000285, G_loss: 0.164354
Epoch: [81] [ 900/ 975] D_loss(R/F): 0.000166/0.000132, G_loss: 0.188870
[81] auc:0.9010 th:0.0308 f1:0.6780 	 best_auc:0.9217 in epoch[29]

Epoch: [82] [ 100/ 975] D_loss(R/F): 0.000265/0.000186, G_loss: 0.204067
Epoch: [82] [ 200/ 975] D_loss(R/F): 0.000613/0.000186, G_loss: 0.164944
Epoch: [82] [ 300/ 975] D_loss(R/F): 0.000367/0.000023, G_loss: 0.194044
Epoch: [82] [ 400/ 975] D_loss(R/F): 0.000614/0.000091, G_loss: 0.170723
Epoch: [82] [ 500/ 975] D_loss(R/F): 0.000322/0.000234, G_loss: 0.162297
Epoch: [82] [ 600/ 975] D_loss(R/F): 0.000154/0.001727, G_loss: 0.154739
Epoch: [82] [ 700/ 975] D_loss(R/F): 0.000098/0.000931, G_loss: 0.154296
Epoch: [82] [ 800/ 975] D_loss(R/F): 0.000322/0.000055, G_loss: 0.171726
Epoch: [82] [ 900/ 975] D_loss(R/F): 0.000071/0.000032, G_loss: 0.192490
[82] auc:0.9010 th:0.0303 f1:0.6773 	 best_auc:0.9217 in epoch[29]

Epoch: [83] [ 100/ 975] D_loss(R/F): 0.142798/0.303382, G_loss: 0.053397
Epoch: [83] [ 200/ 975] D_loss(R/F): 1.332181/0.006860, G_loss: 0.060743
Epoch: [83] [ 300/ 975] D_loss(R/F): 0.004828/0.010948, G_loss: 0.111750
Epoch: [83] [ 400/ 975] D_loss(R/F): 0.000750/0.000433, G_loss: 0.159057
Epoch: [83] [ 500/ 975] D_loss(R/F): 0.000243/0.003168, G_loss: 0.161753
Epoch: [83] [ 600/ 975] D_loss(R/F): 0.001574/0.000316, G_loss: 0.148203
Epoch: [83] [ 700/ 975] D_loss(R/F): 0.000187/0.001018, G_loss: 0.138977
Epoch: [83] [ 800/ 975] D_loss(R/F): 0.000605/0.000154, G_loss: 0.151479
Epoch: [83] [ 900/ 975] D_loss(R/F): 0.000856/0.000388, G_loss: 0.175367
[83] auc:0.8867 th:0.0384 f1:0.6743 	 best_auc:0.9217 in epoch[29]

Epoch: [84] [ 100/ 975] D_loss(R/F): 0.000449/0.000009, G_loss: 0.209507
Epoch: [84] [ 200/ 975] D_loss(R/F): 0.000114/0.000016, G_loss: 0.196356
Epoch: [84] [ 300/ 975] D_loss(R/F): 0.000587/0.000019, G_loss: 0.215136
Epoch: [84] [ 400/ 975] D_loss(R/F): 0.000280/0.000024, G_loss: 0.188620
Epoch: [84] [ 500/ 975] D_loss(R/F): 0.000375/0.000007, G_loss: 0.202275
Epoch: [84] [ 600/ 975] D_loss(R/F): 0.000490/0.000109, G_loss: 0.166428
Epoch: [84] [ 700/ 975] D_loss(R/F): 0.000534/0.000060, G_loss: 0.169434
Epoch: [84] [ 800/ 975] D_loss(R/F): 0.000036/0.000425, G_loss: 0.159863
Epoch: [84] [ 900/ 975] D_loss(R/F): 0.000569/0.000025, G_loss: 0.171378
[84] auc:0.8916 th:0.0305 f1:0.6740 	 best_auc:0.9217 in epoch[29]

Epoch: [85] [ 100/ 975] D_loss(R/F): 0.000156/0.001286, G_loss: 0.142498
Epoch: [85] [ 200/ 975] D_loss(R/F): 0.000126/0.000023, G_loss: 0.179062
Epoch: [85] [ 300/ 975] D_loss(R/F): 0.000070/0.000314, G_loss: 0.158166
Epoch: [85] [ 400/ 975] D_loss(R/F): 0.000246/0.000116, G_loss: 0.158840
Epoch: [85] [ 500/ 975] D_loss(R/F): 0.000219/0.000034, G_loss: 0.178515
Epoch: [85] [ 600/ 975] D_loss(R/F): 0.000105/0.003098, G_loss: 0.148563
Epoch: [85] [ 700/ 975] D_loss(R/F): 0.003707/0.000000, G_loss: 0.229307
Epoch: [85] [ 800/ 975] D_loss(R/F): 0.000044/0.000058, G_loss: 0.191761
Epoch: [85] [ 900/ 975] D_loss(R/F): 0.000033/0.001816, G_loss: 0.175382
[85] auc:0.8990 th:0.0306 f1:0.6809 	 best_auc:0.9217 in epoch[29]

Epoch: [86] [ 100/ 975] D_loss(R/F): 0.066775/0.249591, G_loss: 0.057357
Epoch: [86] [ 200/ 975] D_loss(R/F): 0.077263/0.038952, G_loss: 0.098356
Epoch: [86] [ 300/ 975] D_loss(R/F): 0.007144/0.002577, G_loss: 0.132405
Epoch: [86] [ 400/ 975] D_loss(R/F): 0.026820/0.000588, G_loss: 0.123448
Epoch: [86] [ 500/ 975] D_loss(R/F): 0.001126/0.000815, G_loss: 0.151346
Epoch: [86] [ 600/ 975] D_loss(R/F): 0.000287/0.004614, G_loss: 0.174306
Epoch: [86] [ 700/ 975] D_loss(R/F): 0.001919/0.000105, G_loss: 0.179415
Epoch: [86] [ 800/ 975] D_loss(R/F): 0.000611/0.000319, G_loss: 0.138871
Epoch: [86] [ 900/ 975] D_loss(R/F): 0.000336/0.000251, G_loss: 0.169124
[86] auc:0.8869 th:0.0341 f1:0.6740 	 best_auc:0.9217 in epoch[29]

Epoch: [87] [ 100/ 975] D_loss(R/F): 0.000250/0.000016, G_loss: 0.198891
Epoch: [87] [ 200/ 975] D_loss(R/F): 0.000524/0.000738, G_loss: 0.146777
Epoch: [87] [ 300/ 975] D_loss(R/F): 0.000363/0.000020, G_loss: 0.154828
Epoch: [87] [ 400/ 975] D_loss(R/F): 0.000476/0.000195, G_loss: 0.152456
Epoch: [87] [ 500/ 975] D_loss(R/F): 0.000242/0.000377, G_loss: 0.148752
Epoch: [87] [ 600/ 975] D_loss(R/F): 0.000111/0.000081, G_loss: 0.177634
Epoch: [87] [ 700/ 975] D_loss(R/F): 0.000029/0.000038, G_loss: 0.210780
Epoch: [87] [ 800/ 975] D_loss(R/F): 0.000041/0.001606, G_loss: 0.162266
Epoch: [87] [ 900/ 975] D_loss(R/F): 0.000136/0.003202, G_loss: 0.141563
[87] auc:0.8830 th:0.0291 f1:0.6749 	 best_auc:0.9217 in epoch[29]

Epoch: [88] [ 100/ 975] D_loss(R/F): 0.000039/0.005103, G_loss: 0.151609
Epoch: [88] [ 200/ 975] D_loss(R/F): 0.000212/0.000637, G_loss: 0.139816
Epoch: [88] [ 300/ 975] D_loss(R/F): 0.000036/0.000407, G_loss: 0.186959
Epoch: [88] [ 400/ 975] D_loss(R/F): 0.000319/0.000022, G_loss: 0.192780
Epoch: [88] [ 500/ 975] D_loss(R/F): 0.000029/0.000323, G_loss: 0.161904
Epoch: [88] [ 600/ 975] D_loss(R/F): 0.000317/0.000206, G_loss: 0.156104
Epoch: [88] [ 700/ 975] D_loss(R/F): 0.000383/0.000007, G_loss: 0.207065
Epoch: [88] [ 800/ 975] D_loss(R/F): 0.000045/0.000007, G_loss: 0.204581
Epoch: [88] [ 900/ 975] D_loss(R/F): 0.000328/0.000140, G_loss: 0.148735
[88] auc:0.8923 th:0.0261 f1:0.6743 	 best_auc:0.9217 in epoch[29]

Epoch: [89] [ 100/ 975] D_loss(R/F): 0.000099/0.000209, G_loss: 0.147158
Epoch: [89] [ 200/ 975] D_loss(R/F): 0.000189/0.000006, G_loss: 0.185807
Epoch: [89] [ 300/ 975] D_loss(R/F): 0.000219/0.000313, G_loss: 0.161128
Epoch: [89] [ 400/ 975] D_loss(R/F): 0.000114/0.000006, G_loss: 0.191680
Epoch: [89] [ 500/ 975] D_loss(R/F): 0.000028/0.000071, G_loss: 0.180739
Epoch: [89] [ 600/ 975] D_loss(R/F): 0.000022/0.000279, G_loss: 0.184350
Epoch: [89] [ 700/ 975] D_loss(R/F): 0.353982/0.202129, G_loss: 0.036570
Epoch: [89] [ 800/ 975] D_loss(R/F): 0.329268/0.001304, G_loss: 0.108531
Epoch: [89] [ 900/ 975] D_loss(R/F): 0.197818/0.084460, G_loss: 0.056656
[89] auc:0.8905 th:0.0374 f1:0.6688 	 best_auc:0.9217 in epoch[29]

Epoch: [90] [ 100/ 975] D_loss(R/F): 0.000227/0.039011, G_loss: 0.117181
Epoch: [90] [ 200/ 975] D_loss(R/F): 0.000360/0.001567, G_loss: 0.154314
Epoch: [90] [ 300/ 975] D_loss(R/F): 0.000497/0.000307, G_loss: 0.165963
Epoch: [90] [ 400/ 975] D_loss(R/F): 0.000435/0.000335, G_loss: 0.182645
Epoch: [90] [ 500/ 975] D_loss(R/F): 0.036531/0.000001, G_loss: 0.210532
Epoch: [90] [ 600/ 975] D_loss(R/F): 0.000551/0.000191, G_loss: 0.161097
Epoch: [90] [ 700/ 975] D_loss(R/F): 0.000479/0.000054, G_loss: 0.194603
Epoch: [90] [ 800/ 975] D_loss(R/F): 0.000404/0.000260, G_loss: 0.160508
Epoch: [90] [ 900/ 975] D_loss(R/F): 0.000101/0.010302, G_loss: 0.148411
[90] auc:0.8883 th:0.0332 f1:0.6700 	 best_auc:0.9217 in epoch[29]

Epoch: [91] [ 100/ 975] D_loss(R/F): 0.000081/0.000183, G_loss: 0.177258
Epoch: [91] [ 200/ 975] D_loss(R/F): 0.000085/0.000870, G_loss: 0.152369
Epoch: [91] [ 300/ 975] D_loss(R/F): 0.000101/0.000291, G_loss: 0.171490
Epoch: [91] [ 400/ 975] D_loss(R/F): 0.000155/0.000293, G_loss: 0.153292
Epoch: [91] [ 500/ 975] D_loss(R/F): 0.000216/0.000045, G_loss: 0.185585
Epoch: [91] [ 600/ 975] D_loss(R/F): 0.005444/0.000062, G_loss: 0.154468
Epoch: [91] [ 700/ 975] D_loss(R/F): 0.000661/0.000015, G_loss: 0.169972
Epoch: [91] [ 800/ 975] D_loss(R/F): 0.000074/0.000005, G_loss: 0.214784
Epoch: [91] [ 900/ 975] D_loss(R/F): 0.000205/0.000012, G_loss: 0.184378
[91] auc:0.8830 th:0.0334 f1:0.6657 	 best_auc:0.9217 in epoch[29]

Epoch: [92] [ 100/ 975] D_loss(R/F): 0.000571/0.000006, G_loss: 0.161310
Epoch: [92] [ 200/ 975] D_loss(R/F): 0.000415/0.000133, G_loss: 0.154941
Epoch: [92] [ 300/ 975] D_loss(R/F): 0.000441/0.000462, G_loss: 0.149353
Epoch: [92] [ 400/ 975] D_loss(R/F): 0.000158/0.000133, G_loss: 0.152846
Epoch: [92] [ 500/ 975] D_loss(R/F): 0.000169/0.000609, G_loss: 0.161876
Epoch: [92] [ 600/ 975] D_loss(R/F): 0.000526/0.000003, G_loss: 0.199771
Reloading d net
Epoch: [92] [ 700/ 975] D_loss(R/F): 0.699296/0.654390, G_loss: 0.004203
Epoch: [92] [ 800/ 975] D_loss(R/F): 0.624355/0.653570, G_loss: 0.006247
Epoch: [92] [ 900/ 975] D_loss(R/F): 0.402908/0.833110, G_loss: 0.012600
[92] auc:0.9044 th:0.0357 f1:0.6850 	 best_auc:0.9217 in epoch[29]

Epoch: [93] [ 100/ 975] D_loss(R/F): 0.916343/0.396257, G_loss: 0.013965
Epoch: [93] [ 200/ 975] D_loss(R/F): 0.343350/0.899892, G_loss: 0.020552
Epoch: [93] [ 300/ 975] D_loss(R/F): 0.741947/0.433329, G_loss: 0.014707
Epoch: [93] [ 400/ 975] D_loss(R/F): 0.404769/0.707979, G_loss: 0.023371
Epoch: [93] [ 500/ 975] D_loss(R/F): 0.618677/0.602808, G_loss: 0.023036
Epoch: [93] [ 600/ 975] D_loss(R/F): 0.529409/0.643823, G_loss: 0.021423
Epoch: [93] [ 700/ 975] D_loss(R/F): 0.987914/0.379418, G_loss: 0.026313
Epoch: [93] [ 800/ 975] D_loss(R/F): 0.440172/0.521828, G_loss: 0.025548
Epoch: [93] [ 900/ 975] D_loss(R/F): 0.740425/0.329936, G_loss: 0.046585
[93] auc:0.9109 th:0.0343 f1:0.6854 	 best_auc:0.9217 in epoch[29]

Epoch: [94] [ 100/ 975] D_loss(R/F): 0.750627/0.238093, G_loss: 0.035923
Epoch: [94] [ 200/ 975] D_loss(R/F): 0.462270/0.263065, G_loss: 0.033178
Epoch: [94] [ 300/ 975] D_loss(R/F): 0.200381/0.747214, G_loss: 0.039072
Epoch: [94] [ 400/ 975] D_loss(R/F): 0.716939/0.316697, G_loss: 0.031014
Epoch: [94] [ 500/ 975] D_loss(R/F): 0.901855/0.189772, G_loss: 0.031441
Epoch: [94] [ 600/ 975] D_loss(R/F): 0.854899/0.211833, G_loss: 0.040036
Epoch: [94] [ 700/ 975] D_loss(R/F): 1.149982/0.083400, G_loss: 0.044214
Epoch: [94] [ 800/ 975] D_loss(R/F): 0.169534/0.671370, G_loss: 0.041311
Epoch: [94] [ 900/ 975] D_loss(R/F): 0.669847/0.216046, G_loss: 0.041923
[94] auc:0.9134 th:0.0263 f1:0.6929 	 best_auc:0.9217 in epoch[29]

Epoch: [95] [ 100/ 975] D_loss(R/F): 0.351254/0.616256, G_loss: 0.040664
Epoch: [95] [ 200/ 975] D_loss(R/F): 0.838386/0.210274, G_loss: 0.037209
Epoch: [95] [ 300/ 975] D_loss(R/F): 0.153147/0.525844, G_loss: 0.044756
Epoch: [95] [ 400/ 975] D_loss(R/F): 0.897620/0.069191, G_loss: 0.042105
Epoch: [95] [ 500/ 975] D_loss(R/F): 0.454450/0.140777, G_loss: 0.049327
Epoch: [95] [ 600/ 975] D_loss(R/F): 0.654764/0.116140, G_loss: 0.049025
Epoch: [95] [ 700/ 975] D_loss(R/F): 0.936693/0.109657, G_loss: 0.045250
Epoch: [95] [ 800/ 975] D_loss(R/F): 0.280256/0.328343, G_loss: 0.056784
Epoch: [95] [ 900/ 975] D_loss(R/F): 0.217663/0.429342, G_loss: 0.056330
[95] auc:0.9051 th:0.0338 f1:0.6775 	 best_auc:0.9217 in epoch[29]

Epoch: [96] [ 100/ 975] D_loss(R/F): 0.095545/0.569913, G_loss: 0.050646
Epoch: [96] [ 200/ 975] D_loss(R/F): 0.315595/0.223006, G_loss: 0.053048
Epoch: [96] [ 300/ 975] D_loss(R/F): 0.792311/0.142011, G_loss: 0.065698
Epoch: [96] [ 400/ 975] D_loss(R/F): 0.951535/0.079248, G_loss: 0.045583
Epoch: [96] [ 500/ 975] D_loss(R/F): 0.180975/0.216271, G_loss: 0.057537
Epoch: [96] [ 600/ 975] D_loss(R/F): 0.820955/0.085318, G_loss: 0.054768
Epoch: [96] [ 700/ 975] D_loss(R/F): 0.100493/0.592216, G_loss: 0.054909
Epoch: [96] [ 800/ 975] D_loss(R/F): 0.484921/0.097568, G_loss: 0.052750
Epoch: [96] [ 900/ 975] D_loss(R/F): 0.577307/0.079379, G_loss: 0.057455
[96] auc:0.9167 th:0.0294 f1:0.6926 	 best_auc:0.9217 in epoch[29]

Epoch: [97] [ 100/ 975] D_loss(R/F): 0.083320/0.801641, G_loss: 0.059995
Epoch: [97] [ 200/ 975] D_loss(R/F): 0.314927/0.193829, G_loss: 0.059205
Epoch: [97] [ 300/ 975] D_loss(R/F): 1.083297/0.049282, G_loss: 0.050745
Epoch: [97] [ 400/ 975] D_loss(R/F): 0.176543/0.226017, G_loss: 0.062497
Epoch: [97] [ 500/ 975] D_loss(R/F): 0.294751/0.169547, G_loss: 0.054833
Epoch: [97] [ 600/ 975] D_loss(R/F): 0.078696/0.449227, G_loss: 0.067438
Epoch: [97] [ 700/ 975] D_loss(R/F): 0.235747/0.295192, G_loss: 0.051702
Epoch: [97] [ 800/ 975] D_loss(R/F): 0.065701/0.533702, G_loss: 0.062221
Epoch: [97] [ 900/ 975] D_loss(R/F): 0.499277/0.067145, G_loss: 0.060493
[97] auc:0.9229 th:0.0251 f1:0.6964 	 best_auc:0.9229 in epoch[97]

Epoch: [98] [ 100/ 975] D_loss(R/F): 0.048874/0.491848, G_loss: 0.069407
Epoch: [98] [ 200/ 975] D_loss(R/F): 0.183297/0.308688, G_loss: 0.051211
Epoch: [98] [ 300/ 975] D_loss(R/F): 0.047555/0.609399, G_loss: 0.064412
Epoch: [98] [ 400/ 975] D_loss(R/F): 0.050140/0.448633, G_loss: 0.062897
Epoch: [98] [ 500/ 975] D_loss(R/F): 0.556606/0.052262, G_loss: 0.057913
Epoch: [98] [ 600/ 975] D_loss(R/F): 0.211025/0.137678, G_loss: 0.061104
Epoch: [98] [ 700/ 975] D_loss(R/F): 0.042997/0.995196, G_loss: 0.060118
Epoch: [98] [ 800/ 975] D_loss(R/F): 0.018963/1.328133, G_loss: 0.065056
Epoch: [98] [ 900/ 975] D_loss(R/F): 0.127280/0.178428, G_loss: 0.062816
[98] auc:0.9276 th:0.0251 f1:0.7009 	 best_auc:0.9276 in epoch[98]

Epoch: [99] [ 100/ 975] D_loss(R/F): 0.325516/0.135337, G_loss: 0.045020
Epoch: [99] [ 200/ 975] D_loss(R/F): 0.152477/0.405290, G_loss: 0.063419
Epoch: [99] [ 300/ 975] D_loss(R/F): 0.065162/0.686764, G_loss: 0.064315
Epoch: [99] [ 400/ 975] D_loss(R/F): 0.254760/0.031438, G_loss: 0.100684
Epoch: [99] [ 500/ 975] D_loss(R/F): 0.707817/0.043446, G_loss: 0.056163
Epoch: [99] [ 600/ 975] D_loss(R/F): 0.067702/0.484974, G_loss: 0.055729
Epoch: [99] [ 700/ 975] D_loss(R/F): 0.581180/0.056774, G_loss: 0.060703
Epoch: [99] [ 800/ 975] D_loss(R/F): 0.025494/0.541572, G_loss: 0.094113
Epoch: [99] [ 900/ 975] D_loss(R/F): 0.479232/0.052821, G_loss: 0.079589
[99] auc:0.9251 th:0.0239 f1:0.7002 	 best_auc:0.9276 in epoch[98]

Epoch: [100] [ 100/ 975] D_loss(R/F): 0.046916/1.228003, G_loss: 0.054201
Epoch: [100] [ 200/ 975] D_loss(R/F): 0.697800/0.030831, G_loss: 0.059736
Epoch: [100] [ 300/ 975] D_loss(R/F): 0.175809/0.073228, G_loss: 0.069215
Epoch: [100] [ 400/ 975] D_loss(R/F): 0.056954/0.559741, G_loss: 0.094596
Epoch: [100] [ 500/ 975] D_loss(R/F): 0.284823/0.065945, G_loss: 0.058493
Epoch: [100] [ 600/ 975] D_loss(R/F): 0.302375/0.078099, G_loss: 0.065228
Epoch: [100] [ 700/ 975] D_loss(R/F): 0.339209/0.091691, G_loss: 0.054316
Epoch: [100] [ 800/ 975] D_loss(R/F): 0.125619/0.076942, G_loss: 0.080874
Epoch: [100] [ 900/ 975] D_loss(R/F): 0.189671/0.157587, G_loss: 0.056112
[100] auc:0.9234 th:0.0245 f1:0.6858 	 best_auc:0.9276 in epoch[98]

Avg one epoch time: 138.97, total 100 epochs time: 14404.29
