#################################
########  Folder 0  ############
device:  cuda:0
Namespace(batchsize=32, beta1=0.5, dataroot='../../../dataset', dataset='ecg', device='gpu', folder=0, gpu_ids=[0], isize=128, istest=True, lr=0.0001, model='beatgan', n_aug=0, name='beatgan/ecg', nc=1, ndf=54, ndfs=32, ngf=64, ngfs=32, ngpu=1, niter=100, nz=50, outf='./output', print_freq=100, threshold=0.003, w_adv=1, workers=1)

############ signal dataset ############
train_s data size:(62436, 1, 320)
val_s data size:(8025, 1, 320)
test_s N data size:(17343, 1, 320)
test_s S data size:(2723, 1, 320)
test_s V data size:(6307, 1, 320)
test_s F data size:(721, 1, 320)
test_s Q data size:(13, 1, 320)

############ frequency dataset ############
train_f data size:(62436, 1, 128, 128)
val_f data size:(8025, 1, 128, 128)
test_f N data size:(17343, 1, 128, 128)
test_f S data size:(2723, 1, 128, 128)
test_f V data size:(6307, 1, 128, 128)
test_f F data size:(721, 1, 128, 128)
test_f Q data size:(13, 1, 128, 128)
load data success!!!
/data/haenim/lab/trained_linear_freeze/experiments/ecg/network.py:25: UserWarning: nn.init.xavier_uniform is now deprecated in favor of nn.init.xavier_uniform_.
  torch.nn.init.xavier_uniform(mod.weight)

model_device: cuda:0 

################  Eval  ##################
############   Analysis   #############
############   Threshold:0.003   #############
*********  Type:S  *************
TP:2410
FP:5236
TN:12107
FN:313
Accuracy:0.7234625735074255
Precision/ppv:0.31519748888307614
sensitivity/Recall:0.8850532500918105
specificity:0.6980914489995964
F1:0.46484714051499665
*********  Type:V  *************
TP:6291
FP:5236
TN:12107
FN:16
Accuracy:0.7779281183932347
Precision/ppv:0.5457621237095515
sensitivity/Recall:0.9974631361978754
specificity:0.6980914489995964
F1:0.7055063362117304
*********  Type:F  *************
TP:575
FP:5236
TN:12107
FN:146
Accuracy:0.7020593445527015
Precision/ppv:0.09895026673550164
sensitivity/Recall:0.79750346740638
specificity:0.6980914489995964
F1:0.176056338028169
*********  Type:Q  *************
TP:13
FP:5236
TN:12107
FN:0
Accuracy:0.6983175846969347
Precision/ppv:0.0024766622213755
sensitivity/Recall:1.0
specificity:0.6980914489995964
F1:0.0049410870391486126
/data/haenim/lab/trained_linear_freeze/experiments/ecg/plotUtil.py:196: RuntimeWarning: More than 20 figures have been opened. Figures created through the pyplot interface (`matplotlib.pyplot.figure`) are retained until explicitly closed and may consume too much memory. (To control this warning, see the rcParam `figure.max_open_warning`).
  fig, ax = plt.subplots(2, 1, sharex=True,figsize=(6, 6),gridspec_kw = {'height_ratios':[6,1]})
/data/haenim/lab/trained_linear_freeze/experiments/ecg/plotUtil.py:196: RuntimeWarning: More than 20 figures have been opened. Figures created through the pyplot interface (`matplotlib.pyplot.figure`) are retained until explicitly closed and may consume too much memory. (To control this warning, see the rcParam `figure.max_open_warning`).
  fig, ax = plt.subplots(2, 1, sharex=True,figsize=(6, 6),gridspec_kw = {'height_ratios':[6,1]})
/data/haenim/lab/trained_linear_freeze/experiments/ecg/plotUtil.py:196: RuntimeWarning: More than 20 figures have been opened. Figures created through the pyplot interface (`matplotlib.pyplot.figure`) are retained until explicitly closed and may consume too much memory. (To control this warning, see the rcParam `figure.max_open_warning`).
  fig, ax = plt.subplots(2, 1, sharex=True,figsize=(6, 6),gridspec_kw = {'height_ratios':[6,1]})
/data/haenim/lab/trained_linear_freeze/experiments/ecg/plotUtil.py:196: RuntimeWarning: More than 20 figures have been opened. Figures created through the pyplot interface (`matplotlib.pyplot.figure`) are retained until explicitly closed and may consume too much memory. (To control this warning, see the rcParam `figure.max_open_warning`).
  fig, ax = plt.subplots(2, 1, sharex=True,figsize=(6, 6),gridspec_kw = {'height_ratios':[6,1]})
/data/haenim/lab/trained_linear_freeze/experiments/ecg/plotUtil.py:196: RuntimeWarning: More than 20 figures have been opened. Figures created through the pyplot interface (`matplotlib.pyplot.figure`) are retained until explicitly closed and may consume too much memory. (To control this warning, see the rcParam `figure.max_open_warning`).
  fig, ax = plt.subplots(2, 1, sharex=True,figsize=(6, 6),gridspec_kw = {'height_ratios':[6,1]})
/data/haenim/lab/trained_linear_freeze/experiments/ecg/plotUtil.py:196: RuntimeWarning: More than 20 figures have been opened. Figures created through the pyplot interface (`matplotlib.pyplot.figure`) are retained until explicitly closed and may consume too much memory. (To control this warning, see the rcParam `figure.max_open_warning`).
  fig, ax = plt.subplots(2, 1, sharex=True,figsize=(6, 6),gridspec_kw = {'height_ratios':[6,1]})
/data/haenim/lab/trained_linear_freeze/experiments/ecg/plotUtil.py:196: RuntimeWarning: More than 20 figures have been opened. Figures created through the pyplot interface (`matplotlib.pyplot.figure`) are retained until explicitly closed and may consume too much memory. (To control this warning, see the rcParam `figure.max_open_warning`).
  fig, ax = plt.subplots(2, 1, sharex=True,figsize=(6, 6),gridspec_kw = {'height_ratios':[6,1]})
/data/haenim/lab/trained_linear_freeze/experiments/ecg/plotUtil.py:196: RuntimeWarning: More than 20 figures have been opened. Figures created through the pyplot interface (`matplotlib.pyplot.figure`) are retained until explicitly closed and may consume too much memory. (To control this warning, see the rcParam `figure.max_open_warning`).
  fig, ax = plt.subplots(2, 1, sharex=True,figsize=(6, 6),gridspec_kw = {'height_ratios':[6,1]})
/data/haenim/lab/trained_linear_freeze/experiments/ecg/plotUtil.py:196: RuntimeWarning: More than 20 figures have been opened. Figures created through the pyplot interface (`matplotlib.pyplot.figure`) are retained until explicitly closed and may consume too much memory. (To control this warning, see the rcParam `figure.max_open_warning`).
  fig, ax = plt.subplots(2, 1, sharex=True,figsize=(6, 6),gridspec_kw = {'height_ratios':[6,1]})
/data/haenim/lab/trained_linear_freeze/experiments/ecg/plotUtil.py:196: RuntimeWarning: More than 20 figures have been opened. Figures created through the pyplot interface (`matplotlib.pyplot.figure`) are retained until explicitly closed and may consume too much memory. (To control this warning, see the rcParam `figure.max_open_warning`).
  fig, ax = plt.subplots(2, 1, sharex=True,figsize=(6, 6),gridspec_kw = {'height_ratios':[6,1]})
/data/haenim/lab/trained_linear_freeze/experiments/ecg/plotUtil.py:196: RuntimeWarning: More than 20 figures have been opened. Figures created through the pyplot interface (`matplotlib.pyplot.figure`) are retained until explicitly closed and may consume too much memory. (To control this warning, see the rcParam `figure.max_open_warning`).
  fig, ax = plt.subplots(2, 1, sharex=True,figsize=(6, 6),gridspec_kw = {'height_ratios':[6,1]})
/data/haenim/lab/trained_linear_freeze/experiments/ecg/plotUtil.py:196: RuntimeWarning: More than 20 figures have been opened. Figures created through the pyplot interface (`matplotlib.pyplot.figure`) are retained until explicitly closed and may consume too much memory. (To control this warning, see the rcParam `figure.max_open_warning`).
  fig, ax = plt.subplots(2, 1, sharex=True,figsize=(6, 6),gridspec_kw = {'height_ratios':[6,1]})
/data/haenim/lab/trained_linear_freeze/experiments/ecg/plotUtil.py:196: RuntimeWarning: More than 20 figures have been opened. Figures created through the pyplot interface (`matplotlib.pyplot.figure`) are retained until explicitly closed and may consume too much memory. (To control this warning, see the rcParam `figure.max_open_warning`).
  fig, ax = plt.subplots(2, 1, sharex=True,figsize=(6, 6),gridspec_kw = {'height_ratios':[6,1]})
/data/haenim/lab/trained_linear_freeze/experiments/ecg/plotUtil.py:196: RuntimeWarning: More than 20 figures have been opened. Figures created through the pyplot interface (`matplotlib.pyplot.figure`) are retained until explicitly closed and may consume too much memory. (To control this warning, see the rcParam `figure.max_open_warning`).
  fig, ax = plt.subplots(2, 1, sharex=True,figsize=(6, 6),gridspec_kw = {'height_ratios':[6,1]})
/data/haenim/lab/trained_linear_freeze/experiments/ecg/plotUtil.py:196: RuntimeWarning: More than 20 figures have been opened. Figures created through the pyplot interface (`matplotlib.pyplot.figure`) are retained until explicitly closed and may consume too much memory. (To control this warning, see the rcParam `figure.max_open_warning`).
  fig, ax = plt.subplots(2, 1, sharex=True,figsize=(6, 6),gridspec_kw = {'height_ratios':[6,1]})
/data/haenim/lab/trained_linear_freeze/experiments/ecg/plotUtil.py:196: RuntimeWarning: More than 20 figures have been opened. Figures created through the pyplot interface (`matplotlib.pyplot.figure`) are retained until explicitly closed and may consume too much memory. (To control this warning, see the rcParam `figure.max_open_warning`).
  fig, ax = plt.subplots(2, 1, sharex=True,figsize=(6, 6),gridspec_kw = {'height_ratios':[6,1]})
/data/haenim/lab/trained_linear_freeze/experiments/ecg/plotUtil.py:196: RuntimeWarning: More than 20 figures have been opened. Figures created through the pyplot interface (`matplotlib.pyplot.figure`) are retained until explicitly closed and may consume too much memory. (To control this warning, see the rcParam `figure.max_open_warning`).
  fig, ax = plt.subplots(2, 1, sharex=True,figsize=(6, 6),gridspec_kw = {'height_ratios':[6,1]})
/data/haenim/lab/trained_linear_freeze/experiments/ecg/plotUtil.py:196: RuntimeWarning: More than 20 figures have been opened. Figures created through the pyplot interface (`matplotlib.pyplot.figure`) are retained until explicitly closed and may consume too much memory. (To control this warning, see the rcParam `figure.max_open_warning`).
  fig, ax = plt.subplots(2, 1, sharex=True,figsize=(6, 6),gridspec_kw = {'height_ratios':[6,1]})
#############################
########  Result  ###########
ap:0.8905149012902184
auc:0.9299350741029788
best th:0.005133751779794693 --> best f1:0.7916156382477626
