#################################
########  Folder 0  ############
device:  cuda:0
Namespace(batchsize=32, beta1=0.5, dataroot='../../../dataset', dataset='ecg', device='gpu', folder=0, gpu_ids=[0], isize=128, istest=True, lr=0.0001, model='beatgan', n_aug=0, name='beatgan/ecg', nc=1, ndf=64, ndfs=64, ngf=64, ngfs=64, ngpu=1, niter=100, nz=50, outf='./output', print_freq=100, threshold=0.003, w_adv=1, workers=1)

############ signal dataset ############
train_s data size:(62436, 1, 320)
val_s data size:(8025, 1, 320)
test_s N data size:(17343, 1, 320)
test_s S data size:(2723, 1, 320)
test_s V data size:(6307, 1, 320)
test_s F data size:(721, 1, 320)
test_s Q data size:(13, 1, 320)

############ frequency dataset ############
train_f data size:(62436, 1, 128, 128)
val_f data size:(8025, 1, 128, 128)
test_f N data size:(17343, 1, 128, 128)
test_f S data size:(2723, 1, 128, 128)
test_f V data size:(6307, 1, 128, 128)
test_f F data size:(721, 1, 128, 128)
test_f Q data size:(13, 1, 128, 128)
load data success!!!
/data/haenim/lab/arc_cls1_latent/experiments/ecg/network.py:27: UserWarning: nn.init.xavier_uniform is now deprecated in favor of nn.init.xavier_uniform_.
  torch.nn.init.xavier_uniform(mod.weight)

model_device: cuda:0 

################  Eval  ##################
############   Analysis   #############
############   Threshold:0.003   #############
*********  Type:S  *************
TP:2023
FP:4844
TN:12499
FN:700
Accuracy:0.7237117512209708
Precision/ppv:0.2945973496432212
sensitivity/Recall:0.7429305912596401
specificity:0.720694228218878
F1:0.4218978102189781
*********  Type:V  *************
TP:6272
FP:4844
TN:12499
FN:35
Accuracy:0.7936997885835095
Precision/ppv:0.5642317380352645
sensitivity/Recall:0.9944506104328524
specificity:0.720694228218878
F1:0.719967858577742
*********  Type:F  *************
TP:686
FP:4844
TN:12499
FN:35
Accuracy:0.7299047829937998
Precision/ppv:0.1240506329113924
sensitivity/Recall:0.9514563106796117
specificity:0.720694228218878
F1:0.21948488241881298
*********  Type:Q  *************
TP:12
FP:4844
TN:12499
FN:1
Accuracy:0.7208458170085273
Precision/ppv:0.002471169686985173
sensitivity/Recall:0.9230769230769231
specificity:0.720694228218878
F1:0.004929143561306223
/data/haenim/lab/arc_cls1_latent/experiments/ecg/plotUtil.py:196: RuntimeWarning: More than 20 figures have been opened. Figures created through the pyplot interface (`matplotlib.pyplot.figure`) are retained until explicitly closed and may consume too much memory. (To control this warning, see the rcParam `figure.max_open_warning`).
  fig, ax = plt.subplots(2, 1, sharex=True,figsize=(6, 6),gridspec_kw = {'height_ratios':[6,1]})
/data/haenim/lab/arc_cls1_latent/experiments/ecg/plotUtil.py:196: RuntimeWarning: More than 20 figures have been opened. Figures created through the pyplot interface (`matplotlib.pyplot.figure`) are retained until explicitly closed and may consume too much memory. (To control this warning, see the rcParam `figure.max_open_warning`).
  fig, ax = plt.subplots(2, 1, sharex=True,figsize=(6, 6),gridspec_kw = {'height_ratios':[6,1]})
/data/haenim/lab/arc_cls1_latent/experiments/ecg/plotUtil.py:196: RuntimeWarning: More than 20 figures have been opened. Figures created through the pyplot interface (`matplotlib.pyplot.figure`) are retained until explicitly closed and may consume too much memory. (To control this warning, see the rcParam `figure.max_open_warning`).
  fig, ax = plt.subplots(2, 1, sharex=True,figsize=(6, 6),gridspec_kw = {'height_ratios':[6,1]})
/data/haenim/lab/arc_cls1_latent/experiments/ecg/plotUtil.py:196: RuntimeWarning: More than 20 figures have been opened. Figures created through the pyplot interface (`matplotlib.pyplot.figure`) are retained until explicitly closed and may consume too much memory. (To control this warning, see the rcParam `figure.max_open_warning`).
  fig, ax = plt.subplots(2, 1, sharex=True,figsize=(6, 6),gridspec_kw = {'height_ratios':[6,1]})
/data/haenim/lab/arc_cls1_latent/experiments/ecg/plotUtil.py:196: RuntimeWarning: More than 20 figures have been opened. Figures created through the pyplot interface (`matplotlib.pyplot.figure`) are retained until explicitly closed and may consume too much memory. (To control this warning, see the rcParam `figure.max_open_warning`).
  fig, ax = plt.subplots(2, 1, sharex=True,figsize=(6, 6),gridspec_kw = {'height_ratios':[6,1]})
/data/haenim/lab/arc_cls1_latent/experiments/ecg/plotUtil.py:196: RuntimeWarning: More than 20 figures have been opened. Figures created through the pyplot interface (`matplotlib.pyplot.figure`) are retained until explicitly closed and may consume too much memory. (To control this warning, see the rcParam `figure.max_open_warning`).
  fig, ax = plt.subplots(2, 1, sharex=True,figsize=(6, 6),gridspec_kw = {'height_ratios':[6,1]})
/data/haenim/lab/arc_cls1_latent/experiments/ecg/plotUtil.py:196: RuntimeWarning: More than 20 figures have been opened. Figures created through the pyplot interface (`matplotlib.pyplot.figure`) are retained until explicitly closed and may consume too much memory. (To control this warning, see the rcParam `figure.max_open_warning`).
  fig, ax = plt.subplots(2, 1, sharex=True,figsize=(6, 6),gridspec_kw = {'height_ratios':[6,1]})
/data/haenim/lab/arc_cls1_latent/experiments/ecg/plotUtil.py:196: RuntimeWarning: More than 20 figures have been opened. Figures created through the pyplot interface (`matplotlib.pyplot.figure`) are retained until explicitly closed and may consume too much memory. (To control this warning, see the rcParam `figure.max_open_warning`).
  fig, ax = plt.subplots(2, 1, sharex=True,figsize=(6, 6),gridspec_kw = {'height_ratios':[6,1]})
/data/haenim/lab/arc_cls1_latent/experiments/ecg/plotUtil.py:196: RuntimeWarning: More than 20 figures have been opened. Figures created through the pyplot interface (`matplotlib.pyplot.figure`) are retained until explicitly closed and may consume too much memory. (To control this warning, see the rcParam `figure.max_open_warning`).
  fig, ax = plt.subplots(2, 1, sharex=True,figsize=(6, 6),gridspec_kw = {'height_ratios':[6,1]})
/data/haenim/lab/arc_cls1_latent/experiments/ecg/plotUtil.py:196: RuntimeWarning: More than 20 figures have been opened. Figures created through the pyplot interface (`matplotlib.pyplot.figure`) are retained until explicitly closed and may consume too much memory. (To control this warning, see the rcParam `figure.max_open_warning`).
  fig, ax = plt.subplots(2, 1, sharex=True,figsize=(6, 6),gridspec_kw = {'height_ratios':[6,1]})
/data/haenim/lab/arc_cls1_latent/experiments/ecg/plotUtil.py:196: RuntimeWarning: More than 20 figures have been opened. Figures created through the pyplot interface (`matplotlib.pyplot.figure`) are retained until explicitly closed and may consume too much memory. (To control this warning, see the rcParam `figure.max_open_warning`).
  fig, ax = plt.subplots(2, 1, sharex=True,figsize=(6, 6),gridspec_kw = {'height_ratios':[6,1]})
/data/haenim/lab/arc_cls1_latent/experiments/ecg/plotUtil.py:196: RuntimeWarning: More than 20 figures have been opened. Figures created through the pyplot interface (`matplotlib.pyplot.figure`) are retained until explicitly closed and may consume too much memory. (To control this warning, see the rcParam `figure.max_open_warning`).
  fig, ax = plt.subplots(2, 1, sharex=True,figsize=(6, 6),gridspec_kw = {'height_ratios':[6,1]})
/data/haenim/lab/arc_cls1_latent/experiments/ecg/plotUtil.py:196: RuntimeWarning: More than 20 figures have been opened. Figures created through the pyplot interface (`matplotlib.pyplot.figure`) are retained until explicitly closed and may consume too much memory. (To control this warning, see the rcParam `figure.max_open_warning`).
  fig, ax = plt.subplots(2, 1, sharex=True,figsize=(6, 6),gridspec_kw = {'height_ratios':[6,1]})
/data/haenim/lab/arc_cls1_latent/experiments/ecg/plotUtil.py:196: RuntimeWarning: More than 20 figures have been opened. Figures created through the pyplot interface (`matplotlib.pyplot.figure`) are retained until explicitly closed and may consume too much memory. (To control this warning, see the rcParam `figure.max_open_warning`).
  fig, ax = plt.subplots(2, 1, sharex=True,figsize=(6, 6),gridspec_kw = {'height_ratios':[6,1]})
/data/haenim/lab/arc_cls1_latent/experiments/ecg/plotUtil.py:196: RuntimeWarning: More than 20 figures have been opened. Figures created through the pyplot interface (`matplotlib.pyplot.figure`) are retained until explicitly closed and may consume too much memory. (To control this warning, see the rcParam `figure.max_open_warning`).
  fig, ax = plt.subplots(2, 1, sharex=True,figsize=(6, 6),gridspec_kw = {'height_ratios':[6,1]})
/data/haenim/lab/arc_cls1_latent/experiments/ecg/plotUtil.py:196: RuntimeWarning: More than 20 figures have been opened. Figures created through the pyplot interface (`matplotlib.pyplot.figure`) are retained until explicitly closed and may consume too much memory. (To control this warning, see the rcParam `figure.max_open_warning`).
  fig, ax = plt.subplots(2, 1, sharex=True,figsize=(6, 6),gridspec_kw = {'height_ratios':[6,1]})
/data/haenim/lab/arc_cls1_latent/experiments/ecg/plotUtil.py:196: RuntimeWarning: More than 20 figures have been opened. Figures created through the pyplot interface (`matplotlib.pyplot.figure`) are retained until explicitly closed and may consume too much memory. (To control this warning, see the rcParam `figure.max_open_warning`).
  fig, ax = plt.subplots(2, 1, sharex=True,figsize=(6, 6),gridspec_kw = {'height_ratios':[6,1]})
#############################
########  Result  ###########
ap:0.8797033952972535
auc:0.921954434402224
best th:0.00576234795153141 --> best f1:0.7821169128760177
