#################################
########  Folder 0  ############
device:  cuda:0
Namespace(batchsize=32, beta1=0.5, dataroot='../../../dataset', dataset='ecg', device='gpu', folder=0, gpu_ids=[0], isize=128, istest=True, lr=0.0001, model='beatgan', n_aug=0, name='beatgan/ecg', nc=1, ndf=54, ndfs=32, ngf=64, ngfs=32, ngpu=1, niter=100, nz=50, outf='./output', print_freq=100, threshold=0.169, w_adv=1, workers=1)

############ signal dataset ############
train_s data size:(62436, 1, 320)
val_s data size:(8025, 1, 320)
test_s N data size:(17343, 1, 320)
test_s S data size:(2723, 1, 320)
test_s V data size:(6307, 1, 320)
test_s F data size:(721, 1, 320)
test_s Q data size:(13, 1, 320)

############ frequency dataset ############
train_f data size:(62436, 1, 128, 128)
val_f data size:(8025, 1, 128, 128)
test_f N data size:(17343, 1, 128, 128)
test_f S data size:(2723, 1, 128, 128)
test_f V data size:(6307, 1, 128, 128)
test_f F data size:(721, 1, 128, 128)
test_f Q data size:(13, 1, 128, 128)
load data success!!!
/data/haenim/lab/freq_pe/experiments/ecg/network.py:25: UserWarning: nn.init.xavier_uniform is now deprecated in favor of nn.init.xavier_uniform_.
  torch.nn.init.xavier_uniform(mod.weight)

model_device: cuda:0 

################  Eval  ##################
############   Analysis   #############
############   Threshold:0.169   #############
*********  Type:S  *************
TP:100
FP:2
TN:17341
FN:2623
Accuracy:0.8691817003887172
Precision/ppv:0.9803921568627451
sensitivity/Recall:0.03672420124862284
specificity:0.9998846796978608
F1:0.07079646017699115
*********  Type:V  *************
TP:1042
FP:2
TN:17341
FN:5265
Accuracy:0.7772938689217759
Precision/ppv:0.9980842911877394
sensitivity/Recall:0.1652132551133661
specificity:0.9998846796978608
F1:0.28349884369473544
*********  Type:F  *************
TP:10
FP:2
TN:17341
FN:711
Accuracy:0.9605292294065545
Precision/ppv:0.8333333333333334
sensitivity/Recall:0.013869625520110958
specificity:0.9998846796978608
F1:0.027285129604365622
*********  Type:Q  *************
TP:3
FP:2
TN:17341
FN:10
Accuracy:0.9993085964507951
Precision/ppv:0.6
sensitivity/Recall:0.23076923076923078
specificity:0.9998846796978608
F1:0.3333333333333333
#############################
########  Result  ###########
ap:0.9059217869434373
auc:0.9448270689157858
best th:0.00041842550854198635 --> best f1:0.8241424622774027
