#################################
########  Folder 0  ############
device:  cuda:0
Namespace(batchsize=32, beta1=0.5, dataroot='../../../dataset', dataset='ecg', device='gpu', folder=0, gpu_ids=[0], isize=128, istest=True, lr=0.0001, model='beatgan', n_aug=0, name='beatgan/ecg', nc=1, ndf=64, ndfs=64, ngf=64, ngfs=64, ngpu=1, niter=100, nz=50, outf='./output', print_freq=100, threshold=0.003, w_adv=1, workers=1)

############ signal dataset ############
train_s data size:(62436, 1, 320)
val_s data size:(8025, 1, 320)
test_s N data size:(17343, 1, 320)
test_s S data size:(2723, 1, 320)
test_s V data size:(6307, 1, 320)
test_s F data size:(721, 1, 320)
test_s Q data size:(13, 1, 320)

############ frequency dataset ############
train_f data size:(62436, 1, 128, 128)
val_f data size:(8025, 1, 128, 128)
test_f N data size:(17343, 1, 128, 128)
test_f S data size:(2723, 1, 128, 128)
test_f V data size:(6307, 1, 128, 128)
test_f F data size:(721, 1, 128, 128)
test_f Q data size:(13, 1, 128, 128)
load data success!!!
/data/haenim/lab/arc_cls1/experiments/ecg/network.py:27: UserWarning: nn.init.xavier_uniform is now deprecated in favor of nn.init.xavier_uniform_.
  torch.nn.init.xavier_uniform(mod.weight)

model_device: cuda:0 

################  Eval  ##################
############   Analysis   #############
############   Threshold:0.003   #############
*********  Type:S  *************
TP:2723
FP:17244
TN:99
FN:0
Accuracy:0.1406359015249676
Precision/ppv:0.13637501878098862
sensitivity/Recall:1.0
specificity:0.005708354955889984
F1:0.24001762891141473
*********  Type:V  *************
TP:6307
FP:17244
TN:99
FN:0
Accuracy:0.27086680761099363
Precision/ppv:0.26780179185597214
sensitivity/Recall:1.0
specificity:0.005708354955889984
F1:0.42246634067921496
*********  Type:F  *************
TP:721
FP:17244
TN:99
FN:0
Accuracy:0.045394154118689106
Precision/ppv:0.040133593097689955
sensitivity/Recall:1.0
specificity:0.005708354955889984
F1:0.07717007385208177
*********  Type:Q  *************
TP:13
FP:17244
TN:99
FN:0
Accuracy:0.006453099792578935
Precision/ppv:0.0007533174943501188
sensitivity/Recall:1.0
specificity:0.005708354955889984
F1:0.0015055008685581934
/data/haenim/lab/arc_cls1/experiments/ecg/plotUtil.py:196: RuntimeWarning: More than 20 figures have been opened. Figures created through the pyplot interface (`matplotlib.pyplot.figure`) are retained until explicitly closed and may consume too much memory. (To control this warning, see the rcParam `figure.max_open_warning`).
  fig, ax = plt.subplots(2, 1, sharex=True,figsize=(6, 6),gridspec_kw = {'height_ratios':[6,1]})
/data/haenim/lab/arc_cls1/experiments/ecg/plotUtil.py:196: RuntimeWarning: More than 20 figures have been opened. Figures created through the pyplot interface (`matplotlib.pyplot.figure`) are retained until explicitly closed and may consume too much memory. (To control this warning, see the rcParam `figure.max_open_warning`).
  fig, ax = plt.subplots(2, 1, sharex=True,figsize=(6, 6),gridspec_kw = {'height_ratios':[6,1]})
/data/haenim/lab/arc_cls1/experiments/ecg/plotUtil.py:196: RuntimeWarning: More than 20 figures have been opened. Figures created through the pyplot interface (`matplotlib.pyplot.figure`) are retained until explicitly closed and may consume too much memory. (To control this warning, see the rcParam `figure.max_open_warning`).
  fig, ax = plt.subplots(2, 1, sharex=True,figsize=(6, 6),gridspec_kw = {'height_ratios':[6,1]})
/data/haenim/lab/arc_cls1/experiments/ecg/plotUtil.py:196: RuntimeWarning: More than 20 figures have been opened. Figures created through the pyplot interface (`matplotlib.pyplot.figure`) are retained until explicitly closed and may consume too much memory. (To control this warning, see the rcParam `figure.max_open_warning`).
  fig, ax = plt.subplots(2, 1, sharex=True,figsize=(6, 6),gridspec_kw = {'height_ratios':[6,1]})
/data/haenim/lab/arc_cls1/experiments/ecg/plotUtil.py:196: RuntimeWarning: More than 20 figures have been opened. Figures created through the pyplot interface (`matplotlib.pyplot.figure`) are retained until explicitly closed and may consume too much memory. (To control this warning, see the rcParam `figure.max_open_warning`).
  fig, ax = plt.subplots(2, 1, sharex=True,figsize=(6, 6),gridspec_kw = {'height_ratios':[6,1]})
/data/haenim/lab/arc_cls1/experiments/ecg/plotUtil.py:196: RuntimeWarning: More than 20 figures have been opened. Figures created through the pyplot interface (`matplotlib.pyplot.figure`) are retained until explicitly closed and may consume too much memory. (To control this warning, see the rcParam `figure.max_open_warning`).
  fig, ax = plt.subplots(2, 1, sharex=True,figsize=(6, 6),gridspec_kw = {'height_ratios':[6,1]})
/data/haenim/lab/arc_cls1/experiments/ecg/plotUtil.py:196: RuntimeWarning: More than 20 figures have been opened. Figures created through the pyplot interface (`matplotlib.pyplot.figure`) are retained until explicitly closed and may consume too much memory. (To control this warning, see the rcParam `figure.max_open_warning`).
  fig, ax = plt.subplots(2, 1, sharex=True,figsize=(6, 6),gridspec_kw = {'height_ratios':[6,1]})
/data/haenim/lab/arc_cls1/experiments/ecg/plotUtil.py:196: RuntimeWarning: More than 20 figures have been opened. Figures created through the pyplot interface (`matplotlib.pyplot.figure`) are retained until explicitly closed and may consume too much memory. (To control this warning, see the rcParam `figure.max_open_warning`).
  fig, ax = plt.subplots(2, 1, sharex=True,figsize=(6, 6),gridspec_kw = {'height_ratios':[6,1]})
/data/haenim/lab/arc_cls1/experiments/ecg/plotUtil.py:196: RuntimeWarning: More than 20 figures have been opened. Figures created through the pyplot interface (`matplotlib.pyplot.figure`) are retained until explicitly closed and may consume too much memory. (To control this warning, see the rcParam `figure.max_open_warning`).
  fig, ax = plt.subplots(2, 1, sharex=True,figsize=(6, 6),gridspec_kw = {'height_ratios':[6,1]})
/data/haenim/lab/arc_cls1/experiments/ecg/plotUtil.py:196: RuntimeWarning: More than 20 figures have been opened. Figures created through the pyplot interface (`matplotlib.pyplot.figure`) are retained until explicitly closed and may consume too much memory. (To control this warning, see the rcParam `figure.max_open_warning`).
  fig, ax = plt.subplots(2, 1, sharex=True,figsize=(6, 6),gridspec_kw = {'height_ratios':[6,1]})
/data/haenim/lab/arc_cls1/experiments/ecg/plotUtil.py:196: RuntimeWarning: More than 20 figures have been opened. Figures created through the pyplot interface (`matplotlib.pyplot.figure`) are retained until explicitly closed and may consume too much memory. (To control this warning, see the rcParam `figure.max_open_warning`).
  fig, ax = plt.subplots(2, 1, sharex=True,figsize=(6, 6),gridspec_kw = {'height_ratios':[6,1]})
/data/haenim/lab/arc_cls1/experiments/ecg/plotUtil.py:196: RuntimeWarning: More than 20 figures have been opened. Figures created through the pyplot interface (`matplotlib.pyplot.figure`) are retained until explicitly closed and may consume too much memory. (To control this warning, see the rcParam `figure.max_open_warning`).
  fig, ax = plt.subplots(2, 1, sharex=True,figsize=(6, 6),gridspec_kw = {'height_ratios':[6,1]})
/data/haenim/lab/arc_cls1/experiments/ecg/plotUtil.py:196: RuntimeWarning: More than 20 figures have been opened. Figures created through the pyplot interface (`matplotlib.pyplot.figure`) are retained until explicitly closed and may consume too much memory. (To control this warning, see the rcParam `figure.max_open_warning`).
  fig, ax = plt.subplots(2, 1, sharex=True,figsize=(6, 6),gridspec_kw = {'height_ratios':[6,1]})
/data/haenim/lab/arc_cls1/experiments/ecg/plotUtil.py:196: RuntimeWarning: More than 20 figures have been opened. Figures created through the pyplot interface (`matplotlib.pyplot.figure`) are retained until explicitly closed and may consume too much memory. (To control this warning, see the rcParam `figure.max_open_warning`).
  fig, ax = plt.subplots(2, 1, sharex=True,figsize=(6, 6),gridspec_kw = {'height_ratios':[6,1]})
/data/haenim/lab/arc_cls1/experiments/ecg/plotUtil.py:196: RuntimeWarning: More than 20 figures have been opened. Figures created through the pyplot interface (`matplotlib.pyplot.figure`) are retained until explicitly closed and may consume too much memory. (To control this warning, see the rcParam `figure.max_open_warning`).
  fig, ax = plt.subplots(2, 1, sharex=True,figsize=(6, 6),gridspec_kw = {'height_ratios':[6,1]})
/data/haenim/lab/arc_cls1/experiments/ecg/plotUtil.py:196: RuntimeWarning: More than 20 figures have been opened. Figures created through the pyplot interface (`matplotlib.pyplot.figure`) are retained until explicitly closed and may consume too much memory. (To control this warning, see the rcParam `figure.max_open_warning`).
  fig, ax = plt.subplots(2, 1, sharex=True,figsize=(6, 6),gridspec_kw = {'height_ratios':[6,1]})
/data/haenim/lab/arc_cls1/experiments/ecg/plotUtil.py:196: RuntimeWarning: More than 20 figures have been opened. Figures created through the pyplot interface (`matplotlib.pyplot.figure`) are retained until explicitly closed and may consume too much memory. (To control this warning, see the rcParam `figure.max_open_warning`).
  fig, ax = plt.subplots(2, 1, sharex=True,figsize=(6, 6),gridspec_kw = {'height_ratios':[6,1]})
/data/haenim/lab/arc_cls1/experiments/ecg/plotUtil.py:196: RuntimeWarning: More than 20 figures have been opened. Figures created through the pyplot interface (`matplotlib.pyplot.figure`) are retained until explicitly closed and may consume too much memory. (To control this warning, see the rcParam `figure.max_open_warning`).
  fig, ax = plt.subplots(2, 1, sharex=True,figsize=(6, 6),gridspec_kw = {'height_ratios':[6,1]})
#############################
########  Result  ###########
ap:0.6122340483413847
auc:0.6375742504363429
best th:0.007197083905339241 --> best f1:0.5344060158690664
